{"/Users/m.pismenskiy/projects/pijma/packages/b2b-desktop/src/main/index.ts": {"path":"/Users/m.pismenskiy/projects/pijma/packages/b2b-desktop/src/main/index.ts","statementMap":{"0":{"start":{"line":1,"column":14},"end":{"line":1,"column":null}},"1":{"start":{"line":3,"column":14},"end":{"line":3,"column":null}},"2":{"start":{"line":4,"column":14},"end":{"line":4,"column":null}},"3":{"start":{"line":5,"column":14},"end":{"line":5,"column":null}},"4":{"start":{"line":6,"column":14},"end":{"line":6,"column":null}},"5":{"start":{"line":7,"column":14},"end":{"line":7,"column":null}},"6":{"start":{"line":8,"column":14},"end":{"line":8,"column":null}},"7":{"start":{"line":9,"column":14},"end":{"line":9,"column":null}},"8":{"start":{"line":10,"column":14},"end":{"line":10,"column":null}},"9":{"start":{"line":11,"column":14},"end":{"line":11,"column":null}},"10":{"start":{"line":12,"column":14},"end":{"line":12,"column":null}},"11":{"start":{"line":13,"column":14},"end":{"line":13,"column":null}},"12":{"start":{"line":14,"column":14},"end":{"line":14,"column":null}},"13":{"start":{"line":15,"column":14},"end":{"line":15,"column":null}},"14":{"start":{"line":16,"column":14},"end":{"line":16,"column":null}},"15":{"start":{"line":17,"column":14},"end":{"line":17,"column":null}},"16":{"start":{"line":18,"column":14},"end":{"line":18,"column":null}},"17":{"start":{"line":19,"column":14},"end":{"line":19,"column":null}},"18":{"start":{"line":20,"column":14},"end":{"line":20,"column":null}},"19":{"start":{"line":21,"column":14},"end":{"line":21,"column":null}},"20":{"start":{"line":22,"column":14},"end":{"line":22,"column":null}},"21":{"start":{"line":23,"column":14},"end":{"line":23,"column":null}},"22":{"start":{"line":24,"column":14},"end":{"line":24,"column":null}},"23":{"start":{"line":25,"column":14},"end":{"line":25,"column":null}},"24":{"start":{"line":26,"column":14},"end":{"line":26,"column":null}},"25":{"start":{"line":27,"column":14},"end":{"line":27,"column":null}},"26":{"start":{"line":28,"column":14},"end":{"line":28,"column":null}},"27":{"start":{"line":29,"column":14},"end":{"line":29,"column":null}}},"fnMap":{},"branchMap":{},"s":{"0":18,"1":18,"2":18,"3":18,"4":18,"5":18,"6":18,"7":18,"8":18,"9":18,"10":18,"11":18,"12":18,"13":18,"14":18,"15":18,"16":18,"17":18,"18":18,"19":18,"20":18,"21":18,"22":18,"23":18,"24":18,"25":18,"26":18,"27":18},"f":{},"b":{}}
,"/Users/m.pismenskiy/projects/pijma/packages/b2b-desktop/src/main/Icon/index.tsx": {"path":"/Users/m.pismenskiy/projects/pijma/packages/b2b-desktop/src/main/Icon/index.tsx","statementMap":{"0":{"start":{"line":20,"column":13},"end":{"line":20,"column":20}},"1":{"start":{"line":5,"column":7},"end":{"line":5,"column":null}},"2":{"start":{"line":6,"column":43},"end":{"line":6,"column":null}},"3":{"start":{"line":10,"column":24},"end":{"line":18,"column":1}},"4":{"start":{"line":14,"column":28},"end":{"line":14,"column":52}},"5":{"start":{"line":15,"column":29},"end":{"line":15,"column":53}},"6":{"start":{"line":22,"column":38},"end":{"line":22,"column":48}},"7":{"start":{"line":24,"column":4},"end":{"line":36,"column":null}}},"fnMap":{"0":{"name":"(anonymous_0)","decl":{"start":{"line":20,"column":13},"end":{"line":20,"column":20}},"loc":{"start":{"line":20,"column":13},"end":{"line":20,"column":20}}},"1":{"name":"(anonymous_4)","decl":{"start":{"line":14,"column":11},"end":{"line":14,"column":12}},"loc":{"start":{"line":14,"column":28},"end":{"line":14,"column":52}}},"2":{"name":"(anonymous_5)","decl":{"start":{"line":15,"column":12},"end":{"line":15,"column":13}},"loc":{"start":{"line":15,"column":29},"end":{"line":15,"column":53}}},"3":{"name":"(anonymous_6)","decl":{"start":{"line":21,"column":2},"end":{"line":21,"column":8}},"loc":{"start":{"line":21,"column":11},"end":{"line":38,"column":null}}}},"branchMap":{"0":{"loc":{"start":{"line":14,"column":28},"end":{"line":14,"column":52}},"type":"cond-expr","locations":[{"start":{"line":14,"column":38},"end":{"line":14,"column":45}},{"start":{"line":14,"column":48},"end":{"line":14,"column":52}}]},"1":{"loc":{"start":{"line":15,"column":29},"end":{"line":15,"column":53}},"type":"cond-expr","locations":[{"start":{"line":15,"column":39},"end":{"line":15,"column":46}},{"start":{"line":15,"column":49},"end":{"line":15,"column":53}}]},"2":{"loc":{"start":{"line":26,"column":9},"end":{"line":34,"column":14}},"type":"cond-expr","locations":[{"start":{"line":27,"column":10},"end":{"line":31,"column":null}},{"start":{"line":34,"column":10},"end":{"line":34,"column":14}}]}},"s":{"0":4,"1":18,"2":18,"3":18,"4":3,"5":3,"6":3,"7":3},"f":{"0":4,"1":3,"2":3,"3":3},"b":{"0":[1,2],"1":[1,2],"2":[3,0]}}
,"/Users/m.pismenskiy/projects/pijma/packages/b2b-desktop/src/main/amount/index.tsx": {"path":"/Users/m.pismenskiy/projects/pijma/packages/b2b-desktop/src/main/amount/index.tsx","statementMap":{"0":{"start":{"line":6,"column":13},"end":{"line":6,"column":19}},"1":{"start":{"line":1,"column":28},"end":{"line":1,"column":null}},"2":{"start":{"line":2,"column":18},"end":{"line":2,"column":null}},"3":{"start":{"line":6,"column":22},"end":{"line":27,"column":null}},"4":{"start":{"line":15,"column":2},"end":{"line":25,"column":null}}},"fnMap":{"0":{"name":"(anonymous_0)","decl":{"start":{"line":6,"column":13},"end":{"line":6,"column":19}},"loc":{"start":{"line":6,"column":13},"end":{"line":6,"column":19}}},"1":{"name":"(anonymous_2)","decl":{"start":{"line":6,"column":22},"end":{"line":6,"column":23}},"loc":{"start":{"line":14,"column":19},"end":{"line":27,"column":null}}}},"branchMap":{"0":{"loc":{"start":{"line":11,"column":2},"end":{"line":11,"column":20}},"type":"default-arg","locations":[{"start":{"line":11,"column":19},"end":{"line":11,"column":20}}]},"1":{"loc":{"start":{"line":12,"column":2},"end":{"line":12,"column":22}},"type":"default-arg","locations":[{"start":{"line":12,"column":19},"end":{"line":12,"column":22}}]}},"s":{"0":2,"1":18,"2":18,"3":18,"4":1},"f":{"0":2,"1":1},"b":{"0":[1],"1":[1]}}
,"/Users/m.pismenskiy/projects/pijma/packages/b2b-desktop/src/main/checkbox/index.tsx": {"path":"/Users/m.pismenskiy/projects/pijma/packages/b2b-desktop/src/main/checkbox/index.tsx","statementMap":{"0":{"start":{"line":41,"column":9},"end":{"line":41,"column":17}},"1":{"start":{"line":1,"column":23},"end":{"line":1,"column":null}},"2":{"start":{"line":2,"column":33},"end":{"line":2,"column":null}},"3":{"start":{"line":4,"column":29},"end":{"line":4,"column":null}},"4":{"start":{"line":7,"column":16},"end":{"line":10,"column":1}},"5":{"start":{"line":32,"column":41},"end":{"line":32,"column":51}},"6":{"start":{"line":33,"column":4},"end":{"line":36,"column":null}},"7":{"start":{"line":13,"column":2},"end":{"line":29,"column":null}},"8":{"start":{"line":14,"column":41},"end":{"line":14,"column":51}},"9":{"start":{"line":15,"column":4},"end":{"line":17,"column":null}},"10":{"start":{"line":16,"column":6},"end":{"line":16,"column":12}},"11":{"start":{"line":19,"column":4},"end":{"line":22,"column":null}},"12":{"start":{"line":20,"column":6},"end":{"line":20,"column":null}},"13":{"start":{"line":21,"column":6},"end":{"line":21,"column":12}},"14":{"start":{"line":24,"column":4},"end":{"line":28,"column":null}},"15":{"start":{"line":25,"column":6},"end":{"line":25,"column":null}},"16":{"start":{"line":27,"column":6},"end":{"line":27,"column":null}}},"fnMap":{"0":{"name":"(anonymous_0)","decl":{"start":{"line":41,"column":9},"end":{"line":41,"column":17}},"loc":{"start":{"line":41,"column":9},"end":{"line":41,"column":17}}},"1":{"name":"(anonymous_5)","decl":{"start":{"line":31,"column":2},"end":{"line":31,"column":8}},"loc":{"start":{"line":31,"column":11},"end":{"line":38,"column":null}}},"2":{"name":"(anonymous_7)","decl":{"start":{"line":13,"column":12},"end":{"line":13,"column":18}},"loc":{"start":{"line":13,"column":18},"end":{"line":29,"column":null}}}},"branchMap":{"0":{"loc":{"start":{"line":15,"column":4},"end":{"line":17,"column":null}},"type":"if","locations":[{"start":{"line":15,"column":4},"end":{"line":17,"column":null}}]},"1":{"loc":{"start":{"line":19,"column":4},"end":{"line":22,"column":null}},"type":"if","locations":[{"start":{"line":19,"column":4},"end":{"line":22,"column":null}}]},"2":{"loc":{"start":{"line":24,"column":4},"end":{"line":28,"column":null}},"type":"if","locations":[{"start":{"line":24,"column":4},"end":{"line":28,"column":null}},{"start":{"line":26,"column":11},"end":{"line":28,"column":null}}]}},"s":{"0":6,"1":18,"2":18,"3":18,"4":18,"5":5,"6":5,"7":5,"8":0,"9":0,"10":0,"11":0,"12":0,"13":0,"14":0,"15":0,"16":0},"f":{"0":6,"1":5,"2":0},"b":{"0":[0],"1":[0],"2":[0,0]}}
,"/Users/m.pismenskiy/projects/pijma/packages/b2b-desktop/src/main/chip/index.tsx": {"path":"/Users/m.pismenskiy/projects/pijma/packages/b2b-desktop/src/main/chip/index.tsx","statementMap":{"0":{"start":{"line":36,"column":9},"end":{"line":36,"column":13}},"1":{"start":{"line":1,"column":40},"end":{"line":1,"column":null}},"2":{"start":{"line":2,"column":26},"end":{"line":2,"column":null}},"3":{"start":{"line":6,"column":18},"end":{"line":14,"column":1}},"4":{"start":{"line":16,"column":22},"end":{"line":19,"column":1}},"5":{"start":{"line":21,"column":28},"end":{"line":34,"column":null}},"6":{"start":{"line":22,"column":2},"end":{"line":32,"column":null}}},"fnMap":{"0":{"name":"(anonymous_0)","decl":{"start":{"line":36,"column":9},"end":{"line":36,"column":13}},"loc":{"start":{"line":36,"column":9},"end":{"line":36,"column":13}}},"1":{"name":"(anonymous_2)","decl":{"start":{"line":21,"column":28},"end":{"line":21,"column":29}},"loc":{"start":{"line":21,"column":57},"end":{"line":34,"column":null}}}},"branchMap":{"0":{"loc":{"start":{"line":21,"column":41},"end":{"line":21,"column":50}},"type":"default-arg","locations":[{"start":{"line":21,"column":48},"end":{"line":21,"column":50}}]},"1":{"loc":{"start":{"line":24,"column":7},"end":{"line":26,"column":null}},"type":"binary-expr","locations":[{"start":{"line":24,"column":7},"end":{"line":24,"column":11}},{"start":{"line":25,"column":8},"end":{"line":26,"column":null}}]}},"s":{"0":0,"1":18,"2":18,"3":18,"4":18,"5":18,"6":0},"f":{"0":0,"1":0},"b":{"0":[0],"1":[0,0]}}
,"/Users/m.pismenskiy/projects/pijma/packages/b2b-desktop/src/main/date-picker/index.tsx": {"path":"/Users/m.pismenskiy/projects/pijma/packages/b2b-desktop/src/main/date-picker/index.tsx","statementMap":{"0":{"start":{"line":138,"column":9},"end":{"line":138,"column":19}},"1":{"start":{"line":1,"column":38},"end":{"line":1,"column":null}},"2":{"start":{"line":2,"column":30},"end":{"line":2,"column":null}},"3":{"start":{"line":3,"column":23},"end":{"line":3,"column":null}},"4":{"start":{"line":4,"column":33},"end":{"line":4,"column":null}},"5":{"start":{"line":5,"column":22},"end":{"line":5,"column":null}},"6":{"start":{"line":6,"column":49},"end":{"line":6,"column":null}},"7":{"start":{"line":8,"column":22},"end":{"line":8,"column":null}},"8":{"start":{"line":11,"column":61},"end":{"line":11,"column":null}},"9":{"start":{"line":12,"column":17},"end":{"line":12,"column":null}},"10":{"start":{"line":14,"column":23},"end":{"line":20,"column":1}},"11":{"start":{"line":22,"column":18},"end":{"line":25,"column":1}},"12":{"start":{"line":49,"column":4},"end":{"line":49,"column":null}},"13":{"start":{"line":50,"column":4},"end":{"line":52,"column":null}},"14":{"start":{"line":51,"column":6},"end":{"line":51,"column":null}},"15":{"start":{"line":56,"column":4},"end":{"line":56,"column":null}},"16":{"start":{"line":57,"column":4},"end":{"line":57,"column":null}},"17":{"start":{"line":61,"column":4},"end":{"line":63,"column":null}},"18":{"start":{"line":62,"column":6},"end":{"line":62,"column":null}},"19":{"start":{"line":67,"column":17},"end":{"line":67,"column":38}},"20":{"start":{"line":68,"column":4},"end":{"line":72,"column":null}},"21":{"start":{"line":69,"column":6},"end":{"line":69,"column":null}},"22":{"start":{"line":71,"column":6},"end":{"line":71,"column":null}},"23":{"start":{"line":74,"column":4},"end":{"line":74,"column":null}},"24":{"start":{"line":76,"column":4},"end":{"line":78,"column":null}},"25":{"start":{"line":77,"column":6},"end":{"line":77,"column":null}},"26":{"start":{"line":82,"column":17},"end":{"line":82,"column":71}},"27":{"start":{"line":83,"column":4},"end":{"line":86,"column":null}},"28":{"start":{"line":84,"column":24},"end":{"line":84,"column":39}},"29":{"start":{"line":85,"column":6},"end":{"line":85,"column":null}},"30":{"start":{"line":90,"column":18},"end":{"line":90,"column":28}},"31":{"start":{"line":91,"column":19},"end":{"line":91,"column":31}},"32":{"start":{"line":92,"column":26},"end":{"line":92,"column":44}},"33":{"start":{"line":93,"column":27},"end":{"line":93,"column":46}},"34":{"start":{"line":95,"column":4},"end":{"line":131,"column":null}},"35":{"start":{"line":118,"column":12},"end":{"line":127,"column":null}},"36":{"start":{"line":35,"column":4},"end":{"line":35,"column":null}},"37":{"start":{"line":36,"column":4},"end":{"line":36,"column":null}},"38":{"start":{"line":37,"column":4},"end":{"line":43,"column":null}},"39":{"start":{"line":44,"column":4},"end":{"line":44,"column":null}},"40":{"start":{"line":45,"column":4},"end":{"line":45,"column":null}},"41":{"start":{"line":136,"column":19},"end":{"line":136,"column":49}}},"fnMap":{"0":{"name":"(anonymous_0)","decl":{"start":{"line":138,"column":9},"end":{"line":138,"column":19}},"loc":{"start":{"line":138,"column":9},"end":{"line":138,"column":19}}},"1":{"name":"(anonymous_5)","decl":{"start":{"line":48,"column":2},"end":{"line":48,"column":16}},"loc":{"start":{"line":48,"column":29},"end":{"line":53,"column":null}}},"2":{"name":"(anonymous_6)","decl":{"start":{"line":55,"column":2},"end":{"line":55,"column":9}},"loc":{"start":{"line":55,"column":12},"end":{"line":58,"column":null}}},"3":{"name":"(anonymous_7)","decl":{"start":{"line":60,"column":2},"end":{"line":60,"column":8}},"loc":{"start":{"line":60,"column":11},"end":{"line":64,"column":null}}},"4":{"name":"(anonymous_8)","decl":{"start":{"line":61,"column":40},"end":{"line":61,"column":46}},"loc":{"start":{"line":61,"column":46},"end":{"line":63,"column":6}}},"5":{"name":"(anonymous_9)","decl":{"start":{"line":66,"column":2},"end":{"line":66,"column":10}},"loc":{"start":{"line":66,"column":26},"end":{"line":79,"column":null}}},"6":{"name":"(anonymous_10)","decl":{"start":{"line":81,"column":2},"end":{"line":81,"column":11}},"loc":{"start":{"line":81,"column":26},"end":{"line":87,"column":null}}},"7":{"name":"(anonymous_11)","decl":{"start":{"line":89,"column":2},"end":{"line":89,"column":8}},"loc":{"start":{"line":89,"column":11},"end":{"line":133,"column":null}}},"8":{"name":"(anonymous_12)","decl":{"start":{"line":110,"column":18},"end":{"line":110,"column":24}},"loc":{"start":{"line":110,"column":24},"end":{"line":111,"column":null}}},"9":{"name":"(anonymous_13)","decl":{"start":{"line":117,"column":11},"end":{"line":117,"column":null}},"loc":{"start":{"line":118,"column":12},"end":{"line":127,"column":null}}},"10":{"name":"(anonymous_14)","decl":{"start":{"line":34,"column":2},"end":{"line":34,"column":14}},"loc":{"start":{"line":34,"column":56},"end":{"line":46,"column":null}}}},"branchMap":{"0":{"loc":{"start":{"line":50,"column":4},"end":{"line":52,"column":null}},"type":"if","locations":[{"start":{"line":50,"column":4},"end":{"line":52,"column":null}}]},"1":{"loc":{"start":{"line":68,"column":4},"end":{"line":72,"column":null}},"type":"if","locations":[{"start":{"line":68,"column":4},"end":{"line":72,"column":null}},{"start":{"line":70,"column":11},"end":{"line":72,"column":null}}]},"2":{"loc":{"start":{"line":76,"column":4},"end":{"line":78,"column":null}},"type":"if","locations":[{"start":{"line":76,"column":4},"end":{"line":78,"column":null}}]},"3":{"loc":{"start":{"line":83,"column":4},"end":{"line":86,"column":null}},"type":"if","locations":[{"start":{"line":83,"column":4},"end":{"line":86,"column":null}}]},"4":{"loc":{"start":{"line":99,"column":17},"end":{"line":99,"column":57}},"type":"binary-expr","locations":[{"start":{"line":99,"column":17},"end":{"line":99,"column":33}},{"start":{"line":99,"column":37},"end":{"line":99,"column":57}}]},"5":{"loc":{"start":{"line":103,"column":17},"end":{"line":103,"column":77}},"type":"cond-expr","locations":[{"start":{"line":103,"column":40},"end":{"line":103,"column":65}},{"start":{"line":103,"column":68},"end":{"line":103,"column":77}}]}},"s":{"0":2,"1":18,"2":18,"3":18,"4":18,"5":18,"6":18,"7":18,"8":18,"9":18,"10":18,"11":18,"12":0,"13":0,"14":0,"15":0,"16":0,"17":0,"18":0,"19":0,"20":0,"21":0,"22":0,"23":0,"24":0,"25":0,"26":0,"27":0,"28":0,"29":0,"30":1,"31":1,"32":1,"33":1,"34":1,"35":0,"36":1,"37":1,"38":1,"39":1,"40":1,"41":18},"f":{"0":2,"1":0,"2":0,"3":0,"4":0,"5":0,"6":0,"7":1,"8":0,"9":0,"10":1},"b":{"0":[0],"1":[0,0],"2":[0],"3":[0],"4":[1,0],"5":[0,1]}}
,"/Users/m.pismenskiy/projects/pijma/packages/b2b-desktop/src/main/date-picker/locale.ts": {"path":"/Users/m.pismenskiy/projects/pijma/packages/b2b-desktop/src/main/date-picker/locale.ts","statementMap":{"0":{"start":{"line":1,"column":13},"end":{"line":1,"column":22}},"1":{"start":{"line":16,"column":13},"end":{"line":16,"column":28}},"2":{"start":{"line":26,"column":13},"end":{"line":26,"column":29}},"3":{"start":{"line":1,"column":25},"end":{"line":14,"column":null}},"4":{"start":{"line":1,"column":57},"end":{"line":14,"column":null}},"5":{"start":{"line":16,"column":31},"end":{"line":24,"column":null}},"6":{"start":{"line":16,"column":63},"end":{"line":24,"column":null}},"7":{"start":{"line":26,"column":32},"end":{"line":34,"column":null}},"8":{"start":{"line":26,"column":64},"end":{"line":34,"column":null}}},"fnMap":{"0":{"name":"(anonymous_1)","decl":{"start":{"line":1,"column":22},"end":{"line":1,"column":25}},"loc":{"start":{"line":1,"column":13},"end":{"line":1,"column":22}}},"1":{"name":"(anonymous_2)","decl":{"start":{"line":16,"column":28},"end":{"line":16,"column":31}},"loc":{"start":{"line":16,"column":13},"end":{"line":16,"column":28}}},"2":{"name":"(anonymous_3)","decl":{"start":{"line":26,"column":29},"end":{"line":26,"column":32}},"loc":{"start":{"line":26,"column":13},"end":{"line":26,"column":29}}},"3":{"name":"(anonymous_4)","decl":{"start":{"line":1,"column":25},"end":{"line":1,"column":26}},"loc":{"start":{"line":1,"column":57},"end":{"line":14,"column":null}}},"4":{"name":"(anonymous_5)","decl":{"start":{"line":16,"column":31},"end":{"line":16,"column":32}},"loc":{"start":{"line":16,"column":63},"end":{"line":24,"column":null}}},"5":{"name":"(anonymous_6)","decl":{"start":{"line":26,"column":32},"end":{"line":26,"column":33}},"loc":{"start":{"line":26,"column":64},"end":{"line":34,"column":null}}}},"branchMap":{},"s":{"0":2,"1":2,"2":2,"3":18,"4":2,"5":18,"6":2,"7":18,"8":2},"f":{"0":2,"1":2,"2":2,"3":2,"4":2,"5":2},"b":{}}
,"/Users/m.pismenskiy/projects/pijma/packages/b2b-desktop/src/main/date-picker/wrap.tsx": {"path":"/Users/m.pismenskiy/projects/pijma/packages/b2b-desktop/src/main/date-picker/wrap.tsx","statementMap":{"0":{"start":{"line":3,"column":0},"end":{"line":3,"column":15}},"1":{"start":{"line":1,"column":23},"end":{"line":1,"column":null}},"2":{"start":{"line":3,"column":15},"end":{"line":215,"column":1}},"3":{"start":{"line":186,"column":40},"end":{"line":186,"column":63}},"4":{"start":{"line":190,"column":40},"end":{"line":190,"column":63}}},"fnMap":{"0":{"name":"(anonymous_0)","decl":{"start":{"line":3,"column":0},"end":{"line":3,"column":15}},"loc":{"start":{"line":3,"column":0},"end":{"line":3,"column":15}}},"1":{"name":"(anonymous_1)","decl":{"start":{"line":186,"column":24},"end":{"line":186,"column":25}},"loc":{"start":{"line":186,"column":40},"end":{"line":186,"column":63}}},"2":{"name":"(anonymous_2)","decl":{"start":{"line":190,"column":24},"end":{"line":190,"column":25}},"loc":{"start":{"line":190,"column":40},"end":{"line":190,"column":63}}}},"branchMap":{},"s":{"0":2,"1":18,"2":18,"3":2,"4":2},"f":{"0":2,"1":2,"2":2},"b":{}}
,"/Users/m.pismenskiy/projects/pijma/packages/b2b-desktop/src/main/date-range-picker/index.tsx": {"path":"/Users/m.pismenskiy/projects/pijma/packages/b2b-desktop/src/main/date-range-picker/index.tsx","statementMap":{"0":{"start":{"line":18,"column":13},"end":{"line":18,"column":27}},"1":{"start":{"line":51,"column":13},"end":{"line":51,"column":32}},"2":{"start":{"line":239,"column":9},"end":{"line":239,"column":24}},"3":{"start":{"line":1,"column":38},"end":{"line":1,"column":null}},"4":{"start":{"line":2,"column":26},"end":{"line":2,"column":null}},"5":{"start":{"line":3,"column":23},"end":{"line":3,"column":null}},"6":{"start":{"line":4,"column":33},"end":{"line":4,"column":null}},"7":{"start":{"line":5,"column":22},"end":{"line":5,"column":null}},"8":{"start":{"line":6,"column":49},"end":{"line":6,"column":null}},"9":{"start":{"line":12,"column":7},"end":{"line":12,"column":null}},"10":{"start":{"line":13,"column":17},"end":{"line":13,"column":null}},"11":{"start":{"line":14,"column":22},"end":{"line":14,"column":null}},"12":{"start":{"line":18,"column":30},"end":{"line":49,"column":1}},"13":{"start":{"line":51,"column":35},"end":{"line":57,"column":1}},"14":{"start":{"line":59,"column":18},"end":{"line":62,"column":1}},"15":{"start":{"line":64,"column":20},"end":{"line":66,"column":1}},"16":{"start":{"line":68,"column":21},"end":{"line":73,"column":1}},"17":{"start":{"line":149,"column":18},"end":{"line":149,"column":28}},"18":{"start":{"line":150,"column":19},"end":{"line":150,"column":31}},"19":{"start":{"line":151,"column":26},"end":{"line":151,"column":44}},"20":{"start":{"line":152,"column":27},"end":{"line":152,"column":46}},"21":{"start":{"line":153,"column":48},"end":{"line":153,"column":58}},"22":{"start":{"line":163,"column":8},"end":{"line":163,"column":18}},"23":{"start":{"line":164,"column":22},"end":{"line":164,"column":null}},"24":{"start":{"line":165,"column":26},"end":{"line":165,"column":28}},"25":{"start":{"line":166,"column":25},"end":{"line":166,"column":null}},"26":{"start":{"line":167,"column":18},"end":{"line":167,"column":67}},"27":{"start":{"line":169,"column":4},"end":{"line":171,"column":null}},"28":{"start":{"line":170,"column":6},"end":{"line":170,"column":null}},"29":{"start":{"line":172,"column":4},"end":{"line":174,"column":null}},"30":{"start":{"line":173,"column":6},"end":{"line":173,"column":null}},"31":{"start":{"line":176,"column":4},"end":{"line":232,"column":null}},"32":{"start":{"line":209,"column":12},"end":{"line":228,"column":null}},"33":{"start":{"line":218,"column":18},"end":{"line":219,"column":null}},"34":{"start":{"line":87,"column":4},"end":{"line":87,"column":null}},"35":{"start":{"line":100,"column":2},"end":{"line":113,"column":null}},"36":{"start":{"line":101,"column":4},"end":{"line":103,"column":null}},"37":{"start":{"line":102,"column":6},"end":{"line":102,"column":null}},"38":{"start":{"line":105,"column":4},"end":{"line":110,"column":null}},"39":{"start":{"line":109,"column":6},"end":{"line":109,"column":null}},"40":{"start":{"line":112,"column":4},"end":{"line":112,"column":null}},"41":{"start":{"line":115,"column":2},"end":{"line":131,"column":null}},"42":{"start":{"line":116,"column":4},"end":{"line":118,"column":null}},"43":{"start":{"line":117,"column":6},"end":{"line":117,"column":12}},"44":{"start":{"line":120,"column":26},"end":{"line":123,"column":null}},"45":{"start":{"line":125,"column":18},"end":{"line":125,"column":59}},"46":{"start":{"line":126,"column":43},"end":{"line":126,"column":65}},"47":{"start":{"line":128,"column":4},"end":{"line":130,"column":null}},"48":{"start":{"line":129,"column":6},"end":{"line":129,"column":null}},"49":{"start":{"line":133,"column":2},"end":{"line":136,"column":null}},"50":{"start":{"line":134,"column":4},"end":{"line":134,"column":null}},"51":{"start":{"line":135,"column":4},"end":{"line":135,"column":null}},"52":{"start":{"line":138,"column":2},"end":{"line":142,"column":null}},"53":{"start":{"line":139,"column":4},"end":{"line":141,"column":null}},"54":{"start":{"line":140,"column":6},"end":{"line":140,"column":null}},"55":{"start":{"line":144,"column":2},"end":{"line":146,"column":null}},"56":{"start":{"line":145,"column":4},"end":{"line":145,"column":null}},"57":{"start":{"line":88,"column":4},"end":{"line":92,"column":null}},"58":{"start":{"line":93,"column":4},"end":{"line":93,"column":null}},"59":{"start":{"line":94,"column":4},"end":{"line":94,"column":null}},"60":{"start":{"line":95,"column":4},"end":{"line":95,"column":null}},"61":{"start":{"line":75,"column":6},"end":{"line":81,"column":null}},"62":{"start":{"line":237,"column":24},"end":{"line":237,"column":71}}},"fnMap":{"0":{"name":"(anonymous_1)","decl":{"start":{"line":18,"column":27},"end":{"line":18,"column":30}},"loc":{"start":{"line":18,"column":13},"end":{"line":18,"column":27}}},"1":{"name":"(anonymous_2)","decl":{"start":{"line":51,"column":32},"end":{"line":51,"column":35}},"loc":{"start":{"line":51,"column":13},"end":{"line":51,"column":32}}},"2":{"name":"(anonymous_3)","decl":{"start":{"line":239,"column":24},"end":{"line":239,"column":null}},"loc":{"start":{"line":239,"column":9},"end":{"line":239,"column":24}}},"3":{"name":"(anonymous_10)","decl":{"start":{"line":148,"column":2},"end":{"line":148,"column":8}},"loc":{"start":{"line":148,"column":11},"end":{"line":234,"column":null}}},"4":{"name":"(anonymous_11)","decl":{"start":{"line":192,"column":22},"end":{"line":192,"column":28}},"loc":{"start":{"line":192,"column":28},"end":{"line":193,"column":null}}},"5":{"name":"(anonymous_12)","decl":{"start":{"line":208,"column":11},"end":{"line":208,"column":null}},"loc":{"start":{"line":209,"column":12},"end":{"line":228,"column":null}}},"6":{"name":"(anonymous_13)","decl":{"start":{"line":217,"column":27},"end":{"line":217,"column":28}},"loc":{"start":{"line":218,"column":18},"end":{"line":219,"column":null}}},"7":{"name":"(anonymous_14)","decl":{"start":{"line":86,"column":2},"end":{"line":86,"column":14}},"loc":{"start":{"line":86,"column":62},"end":{"line":96,"column":null}}},"8":{"name":"(anonymous_15)","decl":{"start":{"line":100,"column":17},"end":{"line":100,"column":18}},"loc":{"start":{"line":100,"column":51},"end":{"line":113,"column":null}}},"9":{"name":"(anonymous_16)","decl":{"start":{"line":115,"column":19},"end":{"line":115,"column":20}},"loc":{"start":{"line":115,"column":53},"end":{"line":131,"column":null}}},"10":{"name":"(anonymous_17)","decl":{"start":{"line":133,"column":12},"end":{"line":133,"column":18}},"loc":{"start":{"line":133,"column":18},"end":{"line":136,"column":null}}},"11":{"name":"(anonymous_18)","decl":{"start":{"line":138,"column":11},"end":{"line":138,"column":17}},"loc":{"start":{"line":138,"column":17},"end":{"line":142,"column":null}}},"12":{"name":"(anonymous_19)","decl":{"start":{"line":139,"column":40},"end":{"line":139,"column":46}},"loc":{"start":{"line":139,"column":46},"end":{"line":141,"column":6}}},"13":{"name":"(anonymous_20)","decl":{"start":{"line":144,"column":16},"end":{"line":144,"column":22}},"loc":{"start":{"line":144,"column":22},"end":{"line":146,"column":null}}}},"branchMap":{"0":{"loc":{"start":{"line":167,"column":18},"end":{"line":167,"column":67}},"type":"binary-expr","locations":[{"start":{"line":167,"column":18},"end":{"line":167,"column":28}},{"start":{"line":167,"column":32},"end":{"line":167,"column":67}}]},"1":{"loc":{"start":{"line":169,"column":4},"end":{"line":171,"column":null}},"type":"if","locations":[{"start":{"line":169,"column":4},"end":{"line":171,"column":null}}]},"2":{"loc":{"start":{"line":172,"column":4},"end":{"line":174,"column":null}},"type":"if","locations":[{"start":{"line":172,"column":4},"end":{"line":174,"column":null}}]},"3":{"loc":{"start":{"line":186,"column":19},"end":{"line":186,"column":48}},"type":"binary-expr","locations":[{"start":{"line":186,"column":19},"end":{"line":186,"column":24}},{"start":{"line":186,"column":28},"end":{"line":186,"column":48}}]},"4":{"loc":{"start":{"line":196,"column":19},"end":{"line":196,"column":68}},"type":"cond-expr","locations":[{"start":{"line":196,"column":31},"end":{"line":196,"column":56}},{"start":{"line":196,"column":59},"end":{"line":196,"column":68}}]},"5":{"loc":{"start":{"line":101,"column":4},"end":{"line":103,"column":null}},"type":"if","locations":[{"start":{"line":101,"column":4},"end":{"line":103,"column":null}}]},"6":{"loc":{"start":{"line":105,"column":4},"end":{"line":110,"column":null}},"type":"if","locations":[{"start":{"line":105,"column":4},"end":{"line":110,"column":null}}]},"7":{"loc":{"start":{"line":106,"column":6},"end":{"line":107,"column":69}},"type":"binary-expr","locations":[{"start":{"line":106,"column":6},"end":{"line":106,"column":13}},{"start":{"line":107,"column":6},"end":{"line":107,"column":69}}]},"8":{"loc":{"start":{"line":116,"column":4},"end":{"line":118,"column":null}},"type":"if","locations":[{"start":{"line":116,"column":4},"end":{"line":118,"column":null}}]},"9":{"loc":{"start":{"line":122,"column":10},"end":{"line":122,"column":50}},"type":"binary-expr","locations":[{"start":{"line":122,"column":10},"end":{"line":122,"column":27}},{"start":{"line":122,"column":31},"end":{"line":122,"column":50}}]},"10":{"loc":{"start":{"line":126,"column":43},"end":{"line":126,"column":65}},"type":"binary-expr","locations":[{"start":{"line":126,"column":43},"end":{"line":126,"column":48}},{"start":{"line":126,"column":52},"end":{"line":126,"column":65}}]},"11":{"loc":{"start":{"line":128,"column":4},"end":{"line":130,"column":null}},"type":"if","locations":[{"start":{"line":128,"column":4},"end":{"line":130,"column":null}}]},"12":{"loc":{"start":{"line":128,"column":8},"end":{"line":128,"column":51}},"type":"binary-expr","locations":[{"start":{"line":128,"column":9},"end":{"line":128,"column":17}},{"start":{"line":128,"column":21},"end":{"line":128,"column":27}},{"start":{"line":128,"column":32},"end":{"line":128,"column":51}}]},"13":{"loc":{"start":{"line":129,"column":46},"end":{"line":129,"column":64}},"type":"binary-expr","locations":[{"start":{"line":129,"column":46},"end":{"line":129,"column":52}},{"start":{"line":129,"column":56},"end":{"line":129,"column":64}}]}},"s":{"0":0,"1":0,"2":2,"3":18,"4":18,"5":18,"6":18,"7":18,"8":18,"9":18,"10":18,"11":18,"12":18,"13":18,"14":18,"15":18,"16":18,"17":1,"18":1,"19":1,"20":1,"21":1,"22":1,"23":1,"24":1,"25":1,"26":1,"27":1,"28":0,"29":1,"30":0,"31":1,"32":0,"33":0,"34":1,"35":1,"36":1,"37":0,"38":1,"39":1,"40":0,"41":1,"42":0,"43":0,"44":0,"45":0,"46":0,"47":0,"48":0,"49":1,"50":0,"51":0,"52":1,"53":0,"54":0,"55":1,"56":0,"57":1,"58":1,"59":1,"60":1,"61":18,"62":18},"f":{"0":0,"1":0,"2":2,"3":1,"4":0,"5":0,"6":0,"7":1,"8":1,"9":0,"10":0,"11":0,"12":0,"13":0},"b":{"0":[1,1],"1":[0],"2":[0],"3":[1,0],"4":[0,1],"5":[0],"6":[1],"7":[1,1],"8":[0],"9":[0,0],"10":[0,0],"11":[0],"12":[0,0,0],"13":[0,0]}}
,"/Users/m.pismenskiy/projects/pijma/packages/b2b-desktop/src/main/divider/index.tsx": {"path":"/Users/m.pismenskiy/projects/pijma/packages/b2b-desktop/src/main/divider/index.tsx","statementMap":{"0":{"start":{"line":16,"column":13},"end":{"line":16,"column":20}},"1":{"start":{"line":1,"column":35},"end":{"line":1,"column":null}},"2":{"start":{"line":2,"column":18},"end":{"line":2,"column":null}},"3":{"start":{"line":6,"column":18},"end":{"line":14,"column":1}},"4":{"start":{"line":11,"column":4},"end":{"line":11,"column":42}},"5":{"start":{"line":13,"column":4},"end":{"line":13,"column":62}},"6":{"start":{"line":16,"column":23},"end":{"line":23,"column":null}},"7":{"start":{"line":22,"column":2},"end":{"line":22,"column":null}}},"fnMap":{"0":{"name":"(anonymous_0)","decl":{"start":{"line":16,"column":13},"end":{"line":16,"column":20}},"loc":{"start":{"line":16,"column":13},"end":{"line":16,"column":20}}},"1":{"name":"(anonymous_2)","decl":{"start":{"line":10,"column":22},"end":{"line":10,"column":23}},"loc":{"start":{"line":11,"column":4},"end":{"line":11,"column":42}}},"2":{"name":"(anonymous_3)","decl":{"start":{"line":12,"column":19},"end":{"line":12,"column":20}},"loc":{"start":{"line":13,"column":4},"end":{"line":13,"column":62}}},"3":{"name":"(anonymous_4)","decl":{"start":{"line":16,"column":23},"end":{"line":16,"column":24}},"loc":{"start":{"line":21,"column":20},"end":{"line":23,"column":null}}}},"branchMap":{"0":{"loc":{"start":{"line":11,"column":4},"end":{"line":11,"column":42}},"type":"cond-expr","locations":[{"start":{"line":11,"column":13},"end":{"line":11,"column":30}},{"start":{"line":11,"column":33},"end":{"line":11,"column":42}}]},"1":{"loc":{"start":{"line":13,"column":4},"end":{"line":13,"column":62}},"type":"cond-expr","locations":[{"start":{"line":13,"column":33},"end":{"line":13,"column":53}},{"start":{"line":13,"column":56},"end":{"line":13,"column":62}}]},"2":{"loc":{"start":{"line":17,"column":2},"end":{"line":17,"column":12}},"type":"default-arg","locations":[{"start":{"line":17,"column":6},"end":{"line":17,"column":12}}]},"3":{"loc":{"start":{"line":18,"column":2},"end":{"line":18,"column":11}},"type":"default-arg","locations":[{"start":{"line":18,"column":6},"end":{"line":18,"column":11}}]},"4":{"loc":{"start":{"line":19,"column":2},"end":{"line":19,"column":11}},"type":"default-arg","locations":[{"start":{"line":19,"column":6},"end":{"line":19,"column":11}}]},"5":{"loc":{"start":{"line":20,"column":2},"end":{"line":20,"column":16}},"type":"default-arg","locations":[{"start":{"line":20,"column":11},"end":{"line":20,"column":16}}]}},"s":{"0":2,"1":18,"2":18,"3":18,"4":1,"5":1,"6":18,"7":1},"f":{"0":2,"1":1,"2":1,"3":1},"b":{"0":[1,0],"1":[0,1],"2":[1],"3":[1],"4":[1],"5":[0]}}
,"/Users/m.pismenskiy/projects/pijma/packages/b2b-desktop/src/main/dropdown/Container.tsx": {"path":"/Users/m.pismenskiy/projects/pijma/packages/b2b-desktop/src/main/dropdown/Container.tsx","statementMap":{"0":{"start":{"line":8,"column":13},"end":{"line":8,"column":26}},"1":{"start":{"line":24,"column":13},"end":{"line":24,"column":30}},"2":{"start":{"line":28,"column":13},"end":{"line":28,"column":20}},"3":{"start":{"line":40,"column":13},"end":{"line":40,"column":26}},"4":{"start":{"line":45,"column":13},"end":{"line":45,"column":17}},"5":{"start":{"line":49,"column":13},"end":{"line":49,"column":28}},"6":{"start":{"line":89,"column":9},"end":{"line":89,"column":18}},"7":{"start":{"line":1,"column":34},"end":{"line":1,"column":null}},"8":{"start":{"line":2,"column":30},"end":{"line":2,"column":null}},"9":{"start":{"line":3,"column":33},"end":{"line":3,"column":null}},"10":{"start":{"line":5,"column":22},"end":{"line":5,"column":null}},"11":{"start":{"line":8,"column":29},"end":{"line":22,"column":1}},"12":{"start":{"line":24,"column":33},"end":{"line":26,"column":1}},"13":{"start":{"line":28,"column":23},"end":{"line":38,"column":1}},"14":{"start":{"line":40,"column":29},"end":{"line":43,"column":1}},"15":{"start":{"line":45,"column":20},"end":{"line":47,"column":1}},"16":{"start":{"line":49,"column":31},"end":{"line":52,"column":1}},"17":{"start":{"line":56,"column":64},"end":{"line":56,"column":74}},"18":{"start":{"line":57,"column":4},"end":{"line":84,"column":null}},"19":{"start":{"line":63,"column":49},"end":{"line":66,"column":18}},"20":{"start":{"line":73,"column":14},"end":{"line":79,"column":null}},"21":{"start":{"line":77,"column":35},"end":{"line":77,"column":47}}},"fnMap":{"0":{"name":"(anonymous_1)","decl":{"start":{"line":8,"column":26},"end":{"line":8,"column":29}},"loc":{"start":{"line":8,"column":13},"end":{"line":8,"column":26}}},"1":{"name":"(anonymous_2)","decl":{"start":{"line":24,"column":30},"end":{"line":24,"column":33}},"loc":{"start":{"line":24,"column":13},"end":{"line":24,"column":30}}},"2":{"name":"(anonymous_3)","decl":{"start":{"line":28,"column":20},"end":{"line":28,"column":23}},"loc":{"start":{"line":28,"column":13},"end":{"line":28,"column":20}}},"3":{"name":"(anonymous_4)","decl":{"start":{"line":40,"column":26},"end":{"line":40,"column":29}},"loc":{"start":{"line":40,"column":13},"end":{"line":40,"column":26}}},"4":{"name":"(anonymous_5)","decl":{"start":{"line":45,"column":17},"end":{"line":45,"column":20}},"loc":{"start":{"line":45,"column":13},"end":{"line":45,"column":17}}},"5":{"name":"(anonymous_6)","decl":{"start":{"line":49,"column":28},"end":{"line":49,"column":31}},"loc":{"start":{"line":49,"column":13},"end":{"line":49,"column":28}}},"6":{"name":"(anonymous_7)","decl":{"start":{"line":89,"column":18},"end":{"line":89,"column":null}},"loc":{"start":{"line":89,"column":9},"end":{"line":89,"column":18}}},"7":{"name":"(anonymous_11)","decl":{"start":{"line":55,"column":2},"end":{"line":55,"column":8}},"loc":{"start":{"line":55,"column":11},"end":{"line":86,"column":null}}},"8":{"name":"(anonymous_12)","decl":{"start":{"line":63,"column":35},"end":{"line":63,"column":36}},"loc":{"start":{"line":63,"column":49},"end":{"line":66,"column":18}}},"9":{"name":"(anonymous_13)","decl":{"start":{"line":72,"column":22},"end":{"line":72,"column":23}},"loc":{"start":{"line":73,"column":14},"end":{"line":79,"column":null}}},"10":{"name":"(anonymous_14)","decl":{"start":{"line":77,"column":29},"end":{"line":77,"column":35}},"loc":{"start":{"line":77,"column":35},"end":{"line":77,"column":47}}}},"branchMap":{"0":{"loc":{"start":{"line":60,"column":11},"end":{"line":80,"column":21}},"type":"cond-expr","locations":[{"start":{"line":61,"column":12},"end":{"line":69,"column":null}},{"start":{"line":72,"column":12},"end":{"line":80,"column":21}}]},"1":{"loc":{"start":{"line":75,"column":22},"end":{"line":75,"column":65}},"type":"cond-expr","locations":[{"start":{"line":75,"column":42},"end":{"line":75,"column":55}},{"start":{"line":75,"column":58},"end":{"line":75,"column":65}}]},"2":{"loc":{"start":{"line":79,"column":17},"end":{"line":79,"column":76}},"type":"cond-expr","locations":[{"start":{"line":79,"column":30},"end":{"line":79,"column":44}},{"start":{"line":79,"column":47},"end":{"line":79,"column":76}}]}},"s":{"0":0,"1":0,"2":0,"3":0,"4":0,"5":0,"6":1,"7":18,"8":18,"9":18,"10":18,"11":18,"12":18,"13":18,"14":18,"15":18,"16":18,"17":1,"18":1,"19":0,"20":4,"21":0},"f":{"0":0,"1":0,"2":0,"3":0,"4":0,"5":0,"6":1,"7":1,"8":0,"9":4,"10":0},"b":{"0":[0,1],"1":[0,4],"2":[0,4]}}
,"/Users/m.pismenskiy/projects/pijma/packages/b2b-desktop/src/main/dropdown/index.tsx": {"path":"/Users/m.pismenskiy/projects/pijma/packages/b2b-desktop/src/main/dropdown/index.tsx","statementMap":{"0":{"start":{"line":7,"column":13},"end":{"line":7,"column":27}},"1":{"start":{"line":57,"column":9},"end":{"line":57,"column":17}},"2":{"start":{"line":57,"column":19},"end":{"line":57,"column":null}},"3":{"start":{"line":1,"column":32},"end":{"line":1,"column":null}},"4":{"start":{"line":2,"column":43},"end":{"line":2,"column":null}},"5":{"start":{"line":4,"column":26},"end":{"line":4,"column":null}},"6":{"start":{"line":7,"column":30},"end":{"line":10,"column":1}},"7":{"start":{"line":22,"column":4},"end":{"line":27,"column":null}},"8":{"start":{"line":23,"column":6},"end":{"line":25,"column":null}},"9":{"start":{"line":24,"column":8},"end":{"line":24,"column":null}},"10":{"start":{"line":26,"column":6},"end":{"line":26,"column":null}},"11":{"start":{"line":31,"column":60},"end":{"line":31,"column":70}},"12":{"start":{"line":33,"column":4},"end":{"line":52,"column":null}},"13":{"start":{"line":43,"column":12},"end":{"line":49,"column":14}},"14":{"start":{"line":16,"column":4},"end":{"line":16,"column":null}},"15":{"start":{"line":17,"column":4},"end":{"line":17,"column":null}},"16":{"start":{"line":18,"column":4},"end":{"line":18,"column":null}}},"fnMap":{"0":{"name":"(anonymous_1)","decl":{"start":{"line":7,"column":27},"end":{"line":7,"column":30}},"loc":{"start":{"line":7,"column":13},"end":{"line":7,"column":27}}},"1":{"name":"(anonymous_2)","decl":{"start":{"line":57,"column":17},"end":{"line":57,"column":19}},"loc":{"start":{"line":57,"column":9},"end":{"line":57,"column":17}}},"2":{"name":"(anonymous_3)","decl":{"start":{"line":57,"column":28},"end":{"line":57,"column":null}},"loc":{"start":{"line":57,"column":19},"end":{"line":57,"column":null}}},"3":{"name":"(anonymous_7)","decl":{"start":{"line":21,"column":2},"end":{"line":21,"column":10}},"loc":{"start":{"line":21,"column":20},"end":{"line":28,"column":null}}},"4":{"name":"(anonymous_8)","decl":{"start":{"line":30,"column":2},"end":{"line":30,"column":8}},"loc":{"start":{"line":30,"column":11},"end":{"line":54,"column":null}}},"5":{"name":"(anonymous_9)","decl":{"start":{"line":42,"column":11},"end":{"line":42,"column":null}},"loc":{"start":{"line":43,"column":12},"end":{"line":49,"column":14}}},"6":{"name":"(anonymous_10)","decl":{"start":{"line":15,"column":2},"end":{"line":15,"column":14}},"loc":{"start":{"line":15,"column":36},"end":{"line":19,"column":null}}}},"branchMap":{"0":{"loc":{"start":{"line":22,"column":4},"end":{"line":27,"column":null}},"type":"if","locations":[{"start":{"line":22,"column":4},"end":{"line":27,"column":null}}]},"1":{"loc":{"start":{"line":23,"column":6},"end":{"line":25,"column":null}},"type":"if","locations":[{"start":{"line":23,"column":6},"end":{"line":25,"column":null}}]},"2":{"loc":{"start":{"line":23,"column":10},"end":{"line":23,"column":52}},"type":"binary-expr","locations":[{"start":{"line":23,"column":10},"end":{"line":23,"column":32}},{"start":{"line":23,"column":36},"end":{"line":23,"column":52}}]}},"s":{"0":0,"1":4,"2":1,"3":18,"4":18,"5":18,"6":18,"7":0,"8":0,"9":0,"10":0,"11":3,"12":3,"13":0,"14":3,"15":3,"16":3},"f":{"0":0,"1":4,"2":1,"3":0,"4":3,"5":0,"6":3},"b":{"0":[0],"1":[0],"2":[0,0]}}
,"/Users/m.pismenskiy/projects/pijma/packages/b2b-desktop/src/main/empty-page/index.tsx": {"path":"/Users/m.pismenskiy/projects/pijma/packages/b2b-desktop/src/main/empty-page/index.tsx","statementMap":{"0":{"start":{"line":45,"column":0},"end":{"line":45,"column":15}},"1":{"start":{"line":1,"column":37},"end":{"line":1,"column":null}},"2":{"start":{"line":2,"column":35},"end":{"line":2,"column":null}},"3":{"start":{"line":3,"column":33},"end":{"line":3,"column":null}},"4":{"start":{"line":5,"column":24},"end":{"line":5,"column":null}},"5":{"start":{"line":6,"column":23},"end":{"line":6,"column":null}},"6":{"start":{"line":10,"column":4},"end":{"line":40,"column":null}},"7":{"start":{"line":45,"column":15},"end":{"line":45,"column":24}}},"fnMap":{"0":{"name":"(anonymous_0)","decl":{"start":{"line":45,"column":0},"end":{"line":45,"column":15}},"loc":{"start":{"line":45,"column":0},"end":{"line":45,"column":15}}},"1":{"name":"(anonymous_4)","decl":{"start":{"line":9,"column":2},"end":{"line":9,"column":8}},"loc":{"start":{"line":9,"column":11},"end":{"line":42,"column":null}}}},"branchMap":{},"s":{"0":0,"1":18,"2":18,"3":18,"4":18,"5":18,"6":0,"7":18},"f":{"0":0,"1":0},"b":{}}
,"/Users/m.pismenskiy/projects/pijma/packages/b2b-desktop/src/main/error-message/index.tsx": {"path":"/Users/m.pismenskiy/projects/pijma/packages/b2b-desktop/src/main/error-message/index.tsx","statementMap":{"0":{"start":{"line":37,"column":9},"end":{"line":37,"column":21}},"1":{"start":{"line":1,"column":39},"end":{"line":1,"column":null}},"2":{"start":{"line":2,"column":33},"end":{"line":2,"column":null}},"3":{"start":{"line":4,"column":24},"end":{"line":4,"column":null}},"4":{"start":{"line":7,"column":26},"end":{"line":12,"column":1}},"5":{"start":{"line":14,"column":25},"end":{"line":17,"column":1}},"6":{"start":{"line":21,"column":48},"end":{"line":21,"column":58}},"7":{"start":{"line":23,"column":4},"end":{"line":32,"column":null}}},"fnMap":{"0":{"name":"(anonymous_0)","decl":{"start":{"line":37,"column":9},"end":{"line":37,"column":21}},"loc":{"start":{"line":37,"column":9},"end":{"line":37,"column":21}}},"1":{"name":"(anonymous_4)","decl":{"start":{"line":20,"column":2},"end":{"line":20,"column":8}},"loc":{"start":{"line":20,"column":11},"end":{"line":34,"column":null}}}},"branchMap":{"0":{"loc":{"start":{"line":26,"column":11},"end":{"line":26,"column":70}},"type":"cond-expr","locations":[{"start":{"line":26,"column":18},"end":{"line":26,"column":66}},{"start":{"line":26,"column":66},"end":{"line":26,"column":70}}]},"1":{"loc":{"start":{"line":29,"column":11},"end":{"line":29,"column":72}},"type":"cond-expr","locations":[{"start":{"line":29,"column":19},"end":{"line":29,"column":65}},{"start":{"line":29,"column":68},"end":{"line":29,"column":72}}]}},"s":{"0":3,"1":18,"2":18,"3":18,"4":18,"5":18,"6":2,"7":2},"f":{"0":3,"1":2},"b":{"0":[1,1],"1":[1,1]}}
,"/Users/m.pismenskiy/projects/pijma/packages/b2b-desktop/src/main/file-uploader/FileUploaderControl.ts": {"path":"/Users/m.pismenskiy/projects/pijma/packages/b2b-desktop/src/main/file-uploader/FileUploaderControl.ts","statementMap":{"0":{"start":{"line":26,"column":0},"end":{"line":26,"column":15}},"1":{"start":{"line":5,"column":58},"end":{"line":24,"column":null}},"2":{"start":{"line":11,"column":23},"end":{"line":11,"column":69}},"3":{"start":{"line":11,"column":42},"end":{"line":11,"column":69}},"4":{"start":{"line":13,"column":2},"end":{"line":23,"column":null}},"5":{"start":{"line":15,"column":24},"end":{"line":15,"column":49}},"6":{"start":{"line":16,"column":6},"end":{"line":16,"column":null}},"7":{"start":{"line":17,"column":6},"end":{"line":17,"column":null}},"8":{"start":{"line":20,"column":20},"end":{"line":20,"column":72}},"9":{"start":{"line":21,"column":6},"end":{"line":21,"column":null}},"10":{"start":{"line":26,"column":15},"end":{"line":26,"column":34}}},"fnMap":{"0":{"name":"(anonymous_0)","decl":{"start":{"line":26,"column":0},"end":{"line":26,"column":15}},"loc":{"start":{"line":26,"column":0},"end":{"line":26,"column":15}}},"1":{"name":"(anonymous_1)","decl":{"start":{"line":5,"column":58},"end":{"line":5,"column":59}},"loc":{"start":{"line":10,"column":6},"end":{"line":24,"column":null}}},"2":{"name":"(anonymous_2)","decl":{"start":{"line":11,"column":23},"end":{"line":11,"column":24}},"loc":{"start":{"line":11,"column":42},"end":{"line":11,"column":69}}},"3":{"name":"(anonymous_3)","decl":{"start":{"line":14,"column":14},"end":{"line":14,"column":15}},"loc":{"start":{"line":14,"column":39},"end":{"line":18,"column":null}}},"4":{"name":"(anonymous_4)","decl":{"start":{"line":19,"column":16},"end":{"line":19,"column":17}},"loc":{"start":{"line":19,"column":35},"end":{"line":22,"column":null}}}},"branchMap":{"0":{"loc":{"start":{"line":11,"column":42},"end":{"line":11,"column":69}},"type":"binary-expr","locations":[{"start":{"line":11,"column":42},"end":{"line":11,"column":50}},{"start":{"line":11,"column":54},"end":{"line":11,"column":69}}]},"1":{"loc":{"start":{"line":16,"column":6},"end":{"line":16,"column":39}},"type":"binary-expr","locations":[{"start":{"line":16,"column":6},"end":{"line":16,"column":14}},{"start":{"line":16,"column":18},"end":{"line":16,"column":39}}]}},"s":{"0":0,"1":18,"2":0,"3":0,"4":0,"5":0,"6":0,"7":0,"8":0,"9":0,"10":18},"f":{"0":0,"1":0,"2":0,"3":0,"4":0},"b":{"0":[0,0],"1":[0,0]}}
,"/Users/m.pismenskiy/projects/pijma/packages/b2b-desktop/src/main/file-uploader/FileUploaderStyles.ts": {"path":"/Users/m.pismenskiy/projects/pijma/packages/b2b-desktop/src/main/file-uploader/FileUploaderStyles.ts","statementMap":{"0":{"start":{"line":3,"column":13},"end":{"line":3,"column":27}},"1":{"start":{"line":8,"column":0},"end":{"line":8,"column":15}},"2":{"start":{"line":1,"column":28},"end":{"line":1,"column":null}},"3":{"start":{"line":3,"column":30},"end":{"line":6,"column":1}},"4":{"start":{"line":8,"column":15},"end":{"line":22,"column":1}},"5":{"start":{"line":16,"column":31},"end":{"line":16,"column":63}},"6":{"start":{"line":18,"column":33},"end":{"line":18,"column":67}},"7":{"start":{"line":19,"column":35},"end":{"line":19,"column":62}},"8":{"start":{"line":20,"column":39},"end":{"line":20,"column":68}},"9":{"start":{"line":21,"column":32},"end":{"line":21,"column":54}}},"fnMap":{"0":{"name":"(anonymous_1)","decl":{"start":{"line":3,"column":27},"end":{"line":3,"column":30}},"loc":{"start":{"line":3,"column":13},"end":{"line":3,"column":27}}},"1":{"name":"(anonymous_2)","decl":{"start":{"line":22,"column":1},"end":{"line":22,"column":null}},"loc":{"start":{"line":8,"column":0},"end":{"line":8,"column":15}}},"2":{"name":"(anonymous_3)","decl":{"start":{"line":16,"column":12},"end":{"line":16,"column":13}},"loc":{"start":{"line":16,"column":31},"end":{"line":16,"column":63}}},"3":{"name":"(anonymous_4)","decl":{"start":{"line":18,"column":16},"end":{"line":18,"column":17}},"loc":{"start":{"line":18,"column":33},"end":{"line":18,"column":67}}},"4":{"name":"(anonymous_5)","decl":{"start":{"line":19,"column":18},"end":{"line":19,"column":19}},"loc":{"start":{"line":19,"column":35},"end":{"line":19,"column":62}}},"5":{"name":"(anonymous_6)","decl":{"start":{"line":20,"column":20},"end":{"line":20,"column":21}},"loc":{"start":{"line":20,"column":39},"end":{"line":20,"column":68}}},"6":{"name":"(anonymous_7)","decl":{"start":{"line":21,"column":13},"end":{"line":21,"column":14}},"loc":{"start":{"line":21,"column":32},"end":{"line":21,"column":54}}}},"branchMap":{"0":{"loc":{"start":{"line":16,"column":31},"end":{"line":16,"column":63}},"type":"cond-expr","locations":[{"start":{"line":16,"column":42},"end":{"line":16,"column":51}},{"start":{"line":16,"column":54},"end":{"line":16,"column":63}}]},"1":{"loc":{"start":{"line":18,"column":33},"end":{"line":18,"column":67}},"type":"cond-expr","locations":[{"start":{"line":18,"column":42},"end":{"line":18,"column":51}},{"start":{"line":18,"column":54},"end":{"line":18,"column":67}}]},"2":{"loc":{"start":{"line":19,"column":35},"end":{"line":19,"column":62}},"type":"cond-expr","locations":[{"start":{"line":19,"column":44},"end":{"line":19,"column":51}},{"start":{"line":19,"column":54},"end":{"line":19,"column":62}}]},"3":{"loc":{"start":{"line":20,"column":39},"end":{"line":20,"column":68}},"type":"cond-expr","locations":[{"start":{"line":20,"column":50},"end":{"line":20,"column":56}},{"start":{"line":20,"column":59},"end":{"line":20,"column":68}}]},"4":{"loc":{"start":{"line":21,"column":32},"end":{"line":21,"column":54}},"type":"cond-expr","locations":[{"start":{"line":21,"column":43},"end":{"line":21,"column":48}},{"start":{"line":21,"column":51},"end":{"line":21,"column":54}}]}},"s":{"0":0,"1":0,"2":18,"3":18,"4":18,"5":0,"6":0,"7":0,"8":0,"9":0},"f":{"0":0,"1":0,"2":0,"3":0,"4":0,"5":0,"6":0},"b":{"0":[0,0],"1":[0,0],"2":[0,0],"3":[0,0],"4":[0,0]}}
,"/Users/m.pismenskiy/projects/pijma/packages/b2b-desktop/src/main/file-uploader/index.tsx": {"path":"/Users/m.pismenskiy/projects/pijma/packages/b2b-desktop/src/main/file-uploader/index.tsx","statementMap":{"0":{"start":{"line":83,"column":9},"end":{"line":83,"column":21}},"1":{"start":{"line":1,"column":26},"end":{"line":1,"column":null}},"2":{"start":{"line":2,"column":21},"end":{"line":2,"column":null}},"3":{"start":{"line":3,"column":26},"end":{"line":3,"column":null}},"4":{"start":{"line":4,"column":21},"end":{"line":4,"column":null}},"5":{"start":{"line":6,"column":21},"end":{"line":6,"column":null}},"6":{"start":{"line":7,"column":32},"end":{"line":7,"column":null}},"7":{"start":{"line":9,"column":50},"end":{"line":9,"column":null}},"8":{"start":{"line":11,"column":44},"end":{"line":81,"column":null}},"9":{"start":{"line":23,"column":2},"end":{"line":79,"column":null}},"10":{"start":{"line":30,"column":8},"end":{"line":75,"column":29}},"11":{"start":{"line":43,"column":14},"end":{"line":64,"column":null}},"12":{"start":{"line":71,"column":16},"end":{"line":72,"column":null}},"13":{"start":{"line":72,"column":54},"end":{"line":72,"column":71}}},"fnMap":{"0":{"name":"(anonymous_0)","decl":{"start":{"line":83,"column":9},"end":{"line":83,"column":21}},"loc":{"start":{"line":83,"column":9},"end":{"line":83,"column":21}}},"1":{"name":"(anonymous_7)","decl":{"start":{"line":11,"column":44},"end":{"line":11,"column":45}},"loc":{"start":{"line":22,"column":6},"end":{"line":81,"column":null}}},"2":{"name":"(anonymous_8)","decl":{"start":{"line":29,"column":7},"end":{"line":29,"column":8}},"loc":{"start":{"line":30,"column":8},"end":{"line":75,"column":29}}},"3":{"name":"(anonymous_9)","decl":{"start":{"line":42,"column":13},"end":{"line":42,"column":14}},"loc":{"start":{"line":43,"column":14},"end":{"line":64,"column":null}}},"4":{"name":"(anonymous_10)","decl":{"start":{"line":70,"column":25},"end":{"line":70,"column":26}},"loc":{"start":{"line":71,"column":16},"end":{"line":72,"column":null}}},"5":{"name":"(anonymous_11)","decl":{"start":{"line":72,"column":48},"end":{"line":72,"column":54}},"loc":{"start":{"line":72,"column":54},"end":{"line":72,"column":71}}}},"branchMap":{"0":{"loc":{"start":{"line":15,"column":2},"end":{"line":15,"column":13}},"type":"default-arg","locations":[{"start":{"line":15,"column":11},"end":{"line":15,"column":13}}]},"1":{"loc":{"start":{"line":18,"column":2},"end":{"line":18,"column":14}},"type":"default-arg","locations":[{"start":{"line":18,"column":13},"end":{"line":18,"column":14}}]},"2":{"loc":{"start":{"line":30,"column":21},"end":{"line":30,"column":53}},"type":"cond-expr","locations":[{"start":{"line":30,"column":32},"end":{"line":30,"column":41}},{"start":{"line":30,"column":44},"end":{"line":30,"column":53}}]},"3":{"loc":{"start":{"line":55,"column":21},"end":{"line":60,"column":25}},"type":"binary-expr","locations":[{"start":{"line":55,"column":21},"end":{"line":55,"column":25}},{"start":{"line":56,"column":22},"end":{"line":60,"column":25}}]},"4":{"loc":{"start":{"line":68,"column":11},"end":{"line":74,"column":null}},"type":"binary-expr","locations":[{"start":{"line":68,"column":11},"end":{"line":68,"column":27}},{"start":{"line":69,"column":12},"end":{"line":74,"column":null}}]}},"s":{"0":0,"1":18,"2":18,"3":18,"4":18,"5":18,"6":18,"7":18,"8":18,"9":0,"10":0,"11":0,"12":0,"13":0},"f":{"0":0,"1":0,"2":0,"3":0,"4":0,"5":0},"b":{"0":[0],"1":[0],"2":[0,0],"3":[0,0],"4":[0,0]}}
,"/Users/m.pismenskiy/projects/pijma/packages/b2b-desktop/src/main/footer/index.tsx": {"path":"/Users/m.pismenskiy/projects/pijma/packages/b2b-desktop/src/main/footer/index.tsx","statementMap":{"0":{"start":{"line":76,"column":9},"end":{"line":76,"column":15}},"1":{"start":{"line":1,"column":29},"end":{"line":1,"column":null}},"2":{"start":{"line":2,"column":18},"end":{"line":2,"column":null}},"3":{"start":{"line":3,"column":31},"end":{"line":3,"column":null}},"4":{"start":{"line":5,"column":21},"end":{"line":5,"column":null}},"5":{"start":{"line":7,"column":16},"end":{"line":12,"column":1}},"6":{"start":{"line":14,"column":19},"end":{"line":21,"column":1}},"7":{"start":{"line":19,"column":24},"end":{"line":19,"column":51}},"8":{"start":{"line":28,"column":2},"end":{"line":28,"column":null}},"9":{"start":{"line":31,"column":15},"end":{"line":74,"column":null}},"10":{"start":{"line":32,"column":22},"end":{"line":32,"column":38}},"11":{"start":{"line":33,"column":15},"end":{"line":33,"column":53}},"12":{"start":{"line":34,"column":2},"end":{"line":72,"column":null}},"13":{"start":{"line":52,"column":29},"end":{"line":52,"column":42}},"14":{"start":{"line":65,"column":29},"end":{"line":65,"column":42}}},"fnMap":{"0":{"name":"(anonymous_0)","decl":{"start":{"line":76,"column":9},"end":{"line":76,"column":15}},"loc":{"start":{"line":76,"column":9},"end":{"line":76,"column":15}}},"1":{"name":"(anonymous_2)","decl":{"start":{"line":19,"column":13},"end":{"line":19,"column":14}},"loc":{"start":{"line":19,"column":24},"end":{"line":19,"column":51}}},"2":{"name":"setLang","decl":{"start":{"line":27,"column":9},"end":{"line":27,"column":16}},"loc":{"start":{"line":27,"column":30},"end":{"line":29,"column":null}}},"3":{"name":"(anonymous_4)","decl":{"start":{"line":31,"column":15},"end":{"line":31,"column":16}},"loc":{"start":{"line":31,"column":43},"end":{"line":74,"column":null}}},"4":{"name":"(anonymous_5)","decl":{"start":{"line":52,"column":23},"end":{"line":52,"column":29}},"loc":{"start":{"line":52,"column":29},"end":{"line":52,"column":42}}},"5":{"name":"(anonymous_6)","decl":{"start":{"line":65,"column":23},"end":{"line":65,"column":29}},"loc":{"start":{"line":65,"column":29},"end":{"line":65,"column":42}}}},"branchMap":{"0":{"loc":{"start":{"line":40,"column":26},"end":{"line":40,"column":39}},"type":"binary-expr","locations":[{"start":{"line":40,"column":26},"end":{"line":40,"column":31}},{"start":{"line":40,"column":35},"end":{"line":40,"column":39}}]},"1":{"loc":{"start":{"line":45,"column":11},"end":{"line":55,"column":16}},"type":"cond-expr","locations":[{"start":{"line":46,"column":12},"end":{"line":46,"column":28}},{"start":{"line":48,"column":12},"end":{"line":55,"column":16}}]},"2":{"loc":{"start":{"line":58,"column":11},"end":{"line":68,"column":16}},"type":"cond-expr","locations":[{"start":{"line":59,"column":12},"end":{"line":59,"column":27}},{"start":{"line":61,"column":12},"end":{"line":68,"column":16}}]}},"s":{"0":0,"1":18,"2":18,"3":18,"4":18,"5":18,"6":18,"7":0,"8":0,"9":18,"10":0,"11":0,"12":0,"13":0,"14":0},"f":{"0":0,"1":0,"2":0,"3":0,"4":0,"5":0},"b":{"0":[0,0],"1":[0,0],"2":[0,0]}}
,"/Users/m.pismenskiy/projects/pijma/packages/b2b-desktop/src/main/header/index.tsx": {"path":"/Users/m.pismenskiy/projects/pijma/packages/b2b-desktop/src/main/header/index.tsx","statementMap":{"0":{"start":{"line":31,"column":13},"end":{"line":31,"column":19}},"1":{"start":{"line":1,"column":39},"end":{"line":1,"column":null}},"2":{"start":{"line":2,"column":33},"end":{"line":2,"column":null}},"3":{"start":{"line":4,"column":21},"end":{"line":4,"column":null}},"4":{"start":{"line":5,"column":31},"end":{"line":5,"column":null}},"5":{"start":{"line":6,"column":24},"end":{"line":6,"column":null}},"6":{"start":{"line":7,"column":27},"end":{"line":7,"column":null}},"7":{"start":{"line":8,"column":29},"end":{"line":8,"column":null}},"8":{"start":{"line":9,"column":28},"end":{"line":9,"column":null}},"9":{"start":{"line":12,"column":24},"end":{"line":23,"column":1}},"10":{"start":{"line":25,"column":22},"end":{"line":29,"column":1}},"11":{"start":{"line":43,"column":8},"end":{"line":43,"column":18}},"12":{"start":{"line":45,"column":4},"end":{"line":82,"column":null}}},"fnMap":{"0":{"name":"(anonymous_0)","decl":{"start":{"line":31,"column":13},"end":{"line":31,"column":19}},"loc":{"start":{"line":31,"column":13},"end":{"line":31,"column":19}}},"1":{"name":"(anonymous_4)","decl":{"start":{"line":32,"column":2},"end":{"line":32,"column":8}},"loc":{"start":{"line":32,"column":11},"end":{"line":84,"column":null}}}},"branchMap":{"0":{"loc":{"start":{"line":48,"column":11},"end":{"line":78,"column":null}},"type":"cond-expr","locations":[{"start":{"line":49,"column":12},"end":{"line":50,"column":null}},{"start":{"line":53,"column":12},"end":{"line":78,"column":null}}]},"1":{"loc":{"start":{"line":72,"column":28},"end":{"line":72,"column":75}},"type":"binary-expr","locations":[{"start":{"line":72,"column":28},"end":{"line":72,"column":41}},{"start":{"line":72,"column":46},"end":{"line":72,"column":68}},{"start":{"line":72,"column":73},"end":{"line":72,"column":75}}]}},"s":{"0":5,"1":18,"2":18,"3":18,"4":18,"5":18,"6":18,"7":18,"8":18,"9":18,"10":18,"11":4,"12":4},"f":{"0":5,"1":4},"b":{"0":[1,3],"1":[3,1,2]}}
,"/Users/m.pismenskiy/projects/pijma/packages/b2b-desktop/src/main/logo/index.tsx": {"path":"/Users/m.pismenskiy/projects/pijma/packages/b2b-desktop/src/main/logo/index.tsx","statementMap":{"0":{"start":{"line":4,"column":13},"end":{"line":4,"column":17}},"1":{"start":{"line":1,"column":20},"end":{"line":1,"column":null}},"2":{"start":{"line":2,"column":18},"end":{"line":2,"column":null}},"3":{"start":{"line":4,"column":20},"end":{"line":69,"column":null}},"4":{"start":{"line":5,"column":2},"end":{"line":69,"column":null}}},"fnMap":{"0":{"name":"(anonymous_0)","decl":{"start":{"line":4,"column":13},"end":{"line":4,"column":17}},"loc":{"start":{"line":4,"column":13},"end":{"line":4,"column":17}}},"1":{"name":"(anonymous_2)","decl":{"start":{"line":4,"column":20},"end":{"line":4,"column":null}},"loc":{"start":{"line":5,"column":2},"end":{"line":69,"column":null}}}},"branchMap":{},"s":{"0":3,"1":18,"2":18,"3":18,"4":3},"f":{"0":3,"1":3},"b":{}}
,"/Users/m.pismenskiy/projects/pijma/packages/b2b-desktop/src/main/menu/index.tsx": {"path":"/Users/m.pismenskiy/projects/pijma/packages/b2b-desktop/src/main/menu/index.tsx","statementMap":{"0":{"start":{"line":57,"column":13},"end":{"line":57,"column":17}},"1":{"start":{"line":1,"column":34},"end":{"line":1,"column":null}},"2":{"start":{"line":2,"column":33},"end":{"line":2,"column":null}},"3":{"start":{"line":4,"column":22},"end":{"line":4,"column":null}},"4":{"start":{"line":8,"column":22},"end":{"line":13,"column":1}},"5":{"start":{"line":15,"column":20},"end":{"line":28,"column":1}},"6":{"start":{"line":30,"column":26},"end":{"line":53,"column":1}},"7":{"start":{"line":55,"column":17},"end":{"line":55,"column":31}},"8":{"start":{"line":65,"column":31},"end":{"line":65,"column":41}},"9":{"start":{"line":66,"column":19},"end":{"line":68,"column":35}},"10":{"start":{"line":70,"column":4},"end":{"line":70,"column":null}},"11":{"start":{"line":74,"column":33},"end":{"line":74,"column":43}},"12":{"start":{"line":76,"column":4},"end":{"line":83,"column":null}},"13":{"start":{"line":88,"column":4},"end":{"line":90,"column":null}},"14":{"start":{"line":89,"column":6},"end":{"line":89,"column":null}},"15":{"start":{"line":97,"column":4},"end":{"line":102,"column":null}},"16":{"start":{"line":98,"column":6},"end":{"line":98,"column":null}},"17":{"start":{"line":99,"column":6},"end":{"line":99,"column":null}},"18":{"start":{"line":100,"column":6},"end":{"line":100,"column":null}},"19":{"start":{"line":101,"column":6},"end":{"line":101,"column":null}},"20":{"start":{"line":104,"column":4},"end":{"line":110,"column":null}},"21":{"start":{"line":105,"column":36},"end":{"line":105,"column":40}},"22":{"start":{"line":106,"column":6},"end":{"line":106,"column":null}},"23":{"start":{"line":107,"column":6},"end":{"line":107,"column":null}},"24":{"start":{"line":108,"column":6},"end":{"line":108,"column":null}},"25":{"start":{"line":109,"column":6},"end":{"line":109,"column":null}},"26":{"start":{"line":112,"column":4},"end":{"line":120,"column":null}},"27":{"start":{"line":125,"column":17},"end":{"line":125,"column":37}},"28":{"start":{"line":127,"column":6},"end":{"line":130,"column":8}},"29":{"start":{"line":132,"column":4},"end":{"line":135,"column":null}},"30":{"start":{"line":133,"column":6},"end":{"line":133,"column":null}},"31":{"start":{"line":134,"column":6},"end":{"line":134,"column":null}},"32":{"start":{"line":59,"column":4},"end":{"line":59,"column":null}},"33":{"start":{"line":60,"column":4},"end":{"line":60,"column":null}},"34":{"start":{"line":61,"column":4},"end":{"line":61,"column":null}}},"fnMap":{"0":{"name":"(anonymous_0)","decl":{"start":{"line":57,"column":13},"end":{"line":57,"column":17}},"loc":{"start":{"line":57,"column":13},"end":{"line":57,"column":17}}},"1":{"name":"(anonymous_6)","decl":{"start":{"line":64,"column":2},"end":{"line":64,"column":12}},"loc":{"start":{"line":64,"column":24},"end":{"line":71,"column":null}}},"2":{"name":"(anonymous_7)","decl":{"start":{"line":73,"column":2},"end":{"line":73,"column":8}},"loc":{"start":{"line":73,"column":11},"end":{"line":85,"column":null}}},"3":{"name":"(anonymous_8)","decl":{"start":{"line":87,"column":2},"end":{"line":87,"column":12}},"loc":{"start":{"line":87,"column":62},"end":{"line":122,"column":null}}},"4":{"name":"(anonymous_9)","decl":{"start":{"line":124,"column":2},"end":{"line":124,"column":9}},"loc":{"start":{"line":124,"column":43},"end":{"line":136,"column":null}}},"5":{"name":"(anonymous_10)","decl":{"start":{"line":128,"column":7},"end":{"line":128,"column":13}},"loc":{"start":{"line":128,"column":13},"end":{"line":129,"column":null}}},"6":{"name":"(anonymous_11)","decl":{"start":{"line":58,"column":2},"end":{"line":58,"column":14}},"loc":{"start":{"line":58,"column":32},"end":{"line":62,"column":null}}}},"branchMap":{"0":{"loc":{"start":{"line":66,"column":19},"end":{"line":68,"column":35}},"type":"cond-expr","locations":[{"start":{"line":67,"column":8},"end":{"line":67,"column":28}},{"start":{"line":68,"column":8},"end":{"line":68,"column":35}}]},"1":{"loc":{"start":{"line":70,"column":11},"end":{"line":70,"column":null}},"type":"cond-expr","locations":[{"start":{"line":70,"column":20},"end":{"line":70,"column":42}},{"start":{"line":70,"column":42},"end":{"line":70,"column":null}}]},"2":{"loc":{"start":{"line":88,"column":4},"end":{"line":90,"column":null}},"type":"if","locations":[{"start":{"line":88,"column":4},"end":{"line":90,"column":null}}]},"3":{"loc":{"start":{"line":97,"column":4},"end":{"line":102,"column":null}},"type":"if","locations":[{"start":{"line":97,"column":4},"end":{"line":102,"column":null}}]},"4":{"loc":{"start":{"line":104,"column":4},"end":{"line":110,"column":null}},"type":"if","locations":[{"start":{"line":104,"column":4},"end":{"line":110,"column":null}}]},"5":{"loc":{"start":{"line":106,"column":12},"end":{"line":106,"column":48}},"type":"binary-expr","locations":[{"start":{"line":106,"column":12},"end":{"line":106,"column":17}},{"start":{"line":106,"column":22},"end":{"line":106,"column":33}},{"start":{"line":106,"column":38},"end":{"line":106,"column":43}},{"start":{"line":106,"column":47},"end":{"line":106,"column":48}}]},"6":{"loc":{"start":{"line":109,"column":16},"end":{"line":109,"column":28}},"type":"binary-expr","locations":[{"start":{"line":109,"column":16},"end":{"line":109,"column":20}},{"start":{"line":109,"column":24},"end":{"line":109,"column":28}}]},"7":{"loc":{"start":{"line":125,"column":17},"end":{"line":125,"column":37}},"type":"binary-expr","locations":[{"start":{"line":125,"column":17},"end":{"line":125,"column":22}},{"start":{"line":125,"column":26},"end":{"line":125,"column":30}},{"start":{"line":125,"column":34},"end":{"line":125,"column":37}}]},"8":{"loc":{"start":{"line":127,"column":6},"end":{"line":130,"column":8}},"type":"binary-expr","locations":[{"start":{"line":127,"column":6},"end":{"line":127,"column":25}},{"start":{"line":128,"column":7},"end":{"line":129,"column":null}}]},"9":{"loc":{"start":{"line":132,"column":4},"end":{"line":135,"column":null}},"type":"if","locations":[{"start":{"line":132,"column":4},"end":{"line":135,"column":null}}]}},"s":{"0":8,"1":18,"2":18,"3":18,"4":18,"5":18,"6":18,"7":18,"8":24,"9":24,"10":24,"11":8,"12":8,"13":24,"14":0,"15":24,"16":0,"17":0,"18":0,"19":0,"20":24,"21":24,"22":24,"23":24,"24":24,"25":24,"26":24,"27":0,"28":0,"29":0,"30":0,"31":0,"32":8,"33":8,"34":8},"f":{"0":8,"1":24,"2":8,"3":24,"4":0,"5":0,"6":8},"b":{"0":[4,20],"1":[3,21],"2":[0],"3":[0],"4":[24],"5":[24,24,24,0],"6":[24,0],"7":[0,0,0],"8":[0,0],"9":[0]}}
,"/Users/m.pismenskiy/projects/pijma/packages/b2b-desktop/src/main/navigation-menu/index.tsx": {"path":"/Users/m.pismenskiy/projects/pijma/packages/b2b-desktop/src/main/navigation-menu/index.tsx","statementMap":{"0":{"start":{"line":12,"column":13},"end":{"line":12,"column":27}},"1":{"start":{"line":1,"column":23},"end":{"line":1,"column":null}},"2":{"start":{"line":2,"column":33},"end":{"line":2,"column":null}},"3":{"start":{"line":4,"column":21},"end":{"line":4,"column":null}},"4":{"start":{"line":7,"column":17},"end":{"line":10,"column":1}},"5":{"start":{"line":14,"column":17},"end":{"line":14,"column":32}},"6":{"start":{"line":15,"column":48},"end":{"line":15,"column":58}},"7":{"start":{"line":17,"column":22},"end":{"line":30,"column":null}},"8":{"start":{"line":19,"column":19},"end":{"line":19,"column":24}},"9":{"start":{"line":20,"column":20},"end":{"line":20,"column":26}},"10":{"start":{"line":21,"column":8},"end":{"line":28,"column":null}},"11":{"start":{"line":22,"column":10},"end":{"line":25,"column":19}},"12":{"start":{"line":27,"column":10},"end":{"line":27,"column":null}},"13":{"start":{"line":29,"column":8},"end":{"line":29,"column":null}},"14":{"start":{"line":33,"column":4},"end":{"line":39,"column":null}}},"fnMap":{"0":{"name":"(anonymous_0)","decl":{"start":{"line":12,"column":13},"end":{"line":12,"column":27}},"loc":{"start":{"line":12,"column":13},"end":{"line":12,"column":27}}},"1":{"name":"(anonymous_4)","decl":{"start":{"line":13,"column":2},"end":{"line":13,"column":8}},"loc":{"start":{"line":13,"column":11},"end":{"line":41,"column":null}}},"2":{"name":"(anonymous_5)","decl":{"start":{"line":18,"column":6},"end":{"line":18,"column":7}},"loc":{"start":{"line":18,"column":54},"end":{"line":30,"column":null}}}},"branchMap":{"0":{"loc":{"start":{"line":21,"column":8},"end":{"line":28,"column":null}},"type":"if","locations":[{"start":{"line":21,"column":8},"end":{"line":28,"column":null}}]}},"s":{"0":9,"1":18,"2":18,"3":18,"4":18,"5":8,"6":8,"7":8,"8":24,"9":24,"10":24,"11":16,"12":16,"13":24,"14":8},"f":{"0":9,"1":8,"2":24},"b":{"0":[16]}}
,"/Users/m.pismenskiy/projects/pijma/packages/b2b-desktop/src/main/obfuscatedPan/index.tsx": {"path":"/Users/m.pismenskiy/projects/pijma/packages/b2b-desktop/src/main/obfuscatedPan/index.tsx","statementMap":{"0":{"start":{"line":5,"column":13},"end":{"line":5,"column":26}},"1":{"start":{"line":1,"column":18},"end":{"line":1,"column":null}},"2":{"start":{"line":5,"column":29},"end":{"line":12,"column":null}},"3":{"start":{"line":6,"column":2},"end":{"line":10,"column":null}}},"fnMap":{"0":{"name":"(anonymous_0)","decl":{"start":{"line":5,"column":13},"end":{"line":5,"column":26}},"loc":{"start":{"line":5,"column":13},"end":{"line":5,"column":26}}},"1":{"name":"(anonymous_2)","decl":{"start":{"line":5,"column":29},"end":{"line":5,"column":30}},"loc":{"start":{"line":5,"column":79},"end":{"line":12,"column":null}}}},"branchMap":{"0":{"loc":{"start":{"line":5,"column":37},"end":{"line":5,"column":52}},"type":"default-arg","locations":[{"start":{"line":5,"column":49},"end":{"line":5,"column":52}}]},"1":{"loc":{"start":{"line":9,"column":7},"end":{"line":9,"column":33}},"type":"cond-expr","locations":[{"start":{"line":9,"column":13},"end":{"line":9,"column":26}},{"start":{"line":9,"column":29},"end":{"line":9,"column":33}}]}},"s":{"0":2,"1":18,"2":18,"3":1},"f":{"0":2,"1":1},"b":{"0":[0],"1":[1,0]}}
,"/Users/m.pismenskiy/projects/pijma/packages/b2b-desktop/src/main/offset/index.tsx": {"path":"/Users/m.pismenskiy/projects/pijma/packages/b2b-desktop/src/main/offset/index.tsx","statementMap":{"0":{"start":{"line":5,"column":13},"end":{"line":5,"column":19}},"1":{"start":{"line":1,"column":23},"end":{"line":1,"column":null}},"2":{"start":{"line":5,"column":22},"end":{"line":12,"column":1}},"3":{"start":{"line":6,"column":40},"end":{"line":6,"column":53}},"4":{"start":{"line":8,"column":4},"end":{"line":8,"column":42}},"5":{"start":{"line":9,"column":43},"end":{"line":9,"column":56}},"6":{"start":{"line":11,"column":4},"end":{"line":11,"column":42}}},"fnMap":{"0":{"name":"(anonymous_0)","decl":{"start":{"line":5,"column":13},"end":{"line":5,"column":19}},"loc":{"start":{"line":5,"column":13},"end":{"line":5,"column":19}}},"1":{"name":"(anonymous_1)","decl":{"start":{"line":6,"column":16},"end":{"line":6,"column":17}},"loc":{"start":{"line":6,"column":40},"end":{"line":6,"column":53}}},"2":{"name":"(anonymous_2)","decl":{"start":{"line":7,"column":18},"end":{"line":7,"column":19}},"loc":{"start":{"line":8,"column":4},"end":{"line":8,"column":42}}},"3":{"name":"(anonymous_3)","decl":{"start":{"line":9,"column":19},"end":{"line":9,"column":20}},"loc":{"start":{"line":9,"column":43},"end":{"line":9,"column":56}}},"4":{"name":"(anonymous_4)","decl":{"start":{"line":10,"column":17},"end":{"line":10,"column":18}},"loc":{"start":{"line":11,"column":4},"end":{"line":11,"column":42}}}},"branchMap":{"0":{"loc":{"start":{"line":6,"column":40},"end":{"line":6,"column":53}},"type":"binary-expr","locations":[{"start":{"line":6,"column":40},"end":{"line":6,"column":48}},{"start":{"line":6,"column":52},"end":{"line":6,"column":53}}]},"1":{"loc":{"start":{"line":8,"column":4},"end":{"line":8,"column":42}},"type":"cond-expr","locations":[{"start":{"line":8,"column":29},"end":{"line":8,"column":31}},{"start":{"line":8,"column":34},"end":{"line":8,"column":42}}]},"2":{"loc":{"start":{"line":9,"column":43},"end":{"line":9,"column":56}},"type":"binary-expr","locations":[{"start":{"line":9,"column":43},"end":{"line":9,"column":51}},{"start":{"line":9,"column":55},"end":{"line":9,"column":56}}]},"3":{"loc":{"start":{"line":11,"column":4},"end":{"line":11,"column":42}},"type":"cond-expr","locations":[{"start":{"line":11,"column":29},"end":{"line":11,"column":31}},{"start":{"line":11,"column":34},"end":{"line":11,"column":42}}]}},"s":{"0":2,"1":18,"2":18,"3":1,"4":1,"5":1,"6":1},"f":{"0":2,"1":1,"2":1,"3":1,"4":1},"b":{"0":[1,1],"1":[1,0],"2":[1,1],"3":[1,0]}}
,"/Users/m.pismenskiy/projects/pijma/packages/b2b-desktop/src/main/paginator/index.tsx": {"path":"/Users/m.pismenskiy/projects/pijma/packages/b2b-desktop/src/main/paginator/index.tsx","statementMap":{"0":{"start":{"line":8,"column":13},"end":{"line":8,"column":24}},"1":{"start":{"line":17,"column":13},"end":{"line":17,"column":20}},"2":{"start":{"line":58,"column":13},"end":{"line":58,"column":22}},"3":{"start":{"line":1,"column":29},"end":{"line":1,"column":null}},"4":{"start":{"line":2,"column":33},"end":{"line":2,"column":null}},"5":{"start":{"line":3,"column":23},"end":{"line":3,"column":null}},"6":{"start":{"line":5,"column":22},"end":{"line":5,"column":null}},"7":{"start":{"line":8,"column":27},"end":{"line":15,"column":1}},"8":{"start":{"line":14,"column":21},"end":{"line":14,"column":54}},"9":{"start":{"line":17,"column":23},"end":{"line":56,"column":1}},"10":{"start":{"line":31,"column":33},"end":{"line":31,"column":52}},"11":{"start":{"line":53,"column":6},"end":{"line":55,"column":57}},"12":{"start":{"line":60,"column":4},"end":{"line":62,"column":null}},"13":{"start":{"line":61,"column":6},"end":{"line":61,"column":12}},"14":{"start":{"line":63,"column":4},"end":{"line":63,"column":null}},"15":{"start":{"line":78,"column":4},"end":{"line":86,"column":null}},"16":{"start":{"line":79,"column":6},"end":{"line":81,"column":null}},"17":{"start":{"line":80,"column":8},"end":{"line":80,"column":null}},"18":{"start":{"line":83,"column":6},"end":{"line":85,"column":null}},"19":{"start":{"line":84,"column":8},"end":{"line":84,"column":null}},"20":{"start":{"line":98,"column":8},"end":{"line":98,"column":18}},"21":{"start":{"line":99,"column":26},"end":{"line":99,"column":80}},"22":{"start":{"line":100,"column":26},"end":{"line":100,"column":79}},"23":{"start":{"line":102,"column":6},"end":{"line":102,"column":74}},"24":{"start":{"line":104,"column":6},"end":{"line":105,"column":74}},"25":{"start":{"line":106,"column":30},"end":{"line":106,"column":66}},"26":{"start":{"line":108,"column":4},"end":{"line":110,"column":null}},"27":{"start":{"line":109,"column":6},"end":{"line":109,"column":null}},"28":{"start":{"line":112,"column":4},"end":{"line":148,"column":null}}},"fnMap":{"0":{"name":"(anonymous_1)","decl":{"start":{"line":8,"column":24},"end":{"line":8,"column":27}},"loc":{"start":{"line":8,"column":13},"end":{"line":8,"column":24}}},"1":{"name":"(anonymous_2)","decl":{"start":{"line":17,"column":20},"end":{"line":17,"column":23}},"loc":{"start":{"line":17,"column":13},"end":{"line":17,"column":20}}},"2":{"name":"(anonymous_3)","decl":{"start":{"line":58,"column":22},"end":{"line":58,"column":31}},"loc":{"start":{"line":58,"column":13},"end":{"line":58,"column":22}}},"3":{"name":"(anonymous_10)","decl":{"start":{"line":14,"column":10},"end":{"line":14,"column":11}},"loc":{"start":{"line":14,"column":21},"end":{"line":14,"column":54}}},"4":{"name":"(anonymous_11)","decl":{"start":{"line":31,"column":17},"end":{"line":31,"column":18}},"loc":{"start":{"line":31,"column":33},"end":{"line":31,"column":52}}},"5":{"name":"(anonymous_12)","decl":{"start":{"line":52,"column":6},"end":{"line":52,"column":7}},"loc":{"start":{"line":53,"column":6},"end":{"line":55,"column":57}}},"6":{"name":"(anonymous_13)","decl":{"start":{"line":59,"column":2},"end":{"line":59,"column":14}},"loc":{"start":{"line":59,"column":26},"end":{"line":64,"column":null}}},"7":{"name":"(anonymous_14)","decl":{"start":{"line":66,"column":2},"end":{"line":66,"column":27}},"loc":{"start":{"line":77,"column":4},"end":{"line":87,"column":null}}},"8":{"name":"(anonymous_15)","decl":{"start":{"line":89,"column":2},"end":{"line":89,"column":8}},"loc":{"start":{"line":89,"column":11},"end":{"line":150,"column":null}}}},"branchMap":{"0":{"loc":{"start":{"line":14,"column":21},"end":{"line":14,"column":54}},"type":"binary-expr","locations":[{"start":{"line":14,"column":21},"end":{"line":14,"column":32}},{"start":{"line":14,"column":36},"end":{"line":14,"column":54}}]},"1":{"loc":{"start":{"line":31,"column":33},"end":{"line":31,"column":52}},"type":"binary-expr","locations":[{"start":{"line":31,"column":33},"end":{"line":31,"column":46}},{"start":{"line":31,"column":50},"end":{"line":31,"column":52}}]},"2":{"loc":{"start":{"line":53,"column":6},"end":{"line":55,"column":57}},"type":"cond-expr","locations":[{"start":{"line":54,"column":10},"end":{"line":54,"column":12}},{"start":{"line":55,"column":10},"end":{"line":55,"column":57}}]},"3":{"loc":{"start":{"line":60,"column":4},"end":{"line":62,"column":null}},"type":"if","locations":[{"start":{"line":60,"column":4},"end":{"line":62,"column":null}}]},"4":{"loc":{"start":{"line":78,"column":4},"end":{"line":86,"column":null}},"type":"if","locations":[{"start":{"line":78,"column":4},"end":{"line":86,"column":null}},{"start":{"line":82,"column":11},"end":{"line":86,"column":null}}]},"5":{"loc":{"start":{"line":79,"column":6},"end":{"line":81,"column":null}},"type":"if","locations":[{"start":{"line":79,"column":6},"end":{"line":81,"column":null}}]},"6":{"loc":{"start":{"line":83,"column":6},"end":{"line":85,"column":null}},"type":"if","locations":[{"start":{"line":83,"column":6},"end":{"line":85,"column":null}}]},"7":{"loc":{"start":{"line":104,"column":6},"end":{"line":105,"column":74}},"type":"binary-expr","locations":[{"start":{"line":104,"column":6},"end":{"line":104,"column":24}},{"start":{"line":105,"column":6},"end":{"line":105,"column":74}}]},"8":{"loc":{"start":{"line":108,"column":4},"end":{"line":110,"column":null}},"type":"if","locations":[{"start":{"line":108,"column":4},"end":{"line":110,"column":null}}]}},"s":{"0":0,"1":0,"2":2,"3":18,"4":18,"5":18,"6":18,"7":18,"8":0,"9":18,"10":1,"11":1,"12":0,"13":0,"14":0,"15":2,"16":1,"17":0,"18":1,"19":0,"20":1,"21":1,"22":1,"23":1,"24":1,"25":1,"26":1,"27":0,"28":1},"f":{"0":0,"1":0,"2":2,"3":0,"4":1,"5":1,"6":0,"7":2,"8":1},"b":{"0":[0,0],"1":[1,1],"2":[1,0],"3":[0],"4":[1,1],"5":[0],"6":[0],"7":[1,1],"8":[0]}}
[...]
,"/Users/m.pismenskiy/projects/pijma/packages/b2b-desktop/src/main/step/index.tsx": {"path":"/Users/m.pismenskiy/projects/pijma/packages/b2b-desktop/src/main/step/index.tsx","statementMap":{"0":{"start":{"line":23,"column":9},"end":{"line":23,"column":13}},"1":{"start":{"line":1,"column":36},"end":{"line":1,"column":null}},"2":{"start":{"line":2,"column":21},"end":{"line":2,"column":null}},"3":{"start":{"line":3,"column":26},"end":{"line":3,"column":null}},"4":{"start":{"line":6,"column":23},"end":{"line":6,"column":null}},"5":{"start":{"line":8,"column":28},"end":{"line":21,"column":null}},"6":{"start":{"line":9,"column":55},"end":{"line":9,"column":60}},"7":{"start":{"line":10,"column":2},"end":{"line":19,"column":null}},"8":{"start":{"line":13,"column":8},"end":{"line":16,"column":null}}},"fnMap":{"0":{"name":"(anonymous_0)","decl":{"start":{"line":23,"column":9},"end":{"line":23,"column":13}},"loc":{"start":{"line":23,"column":9},"end":{"line":23,"column":13}}},"1":{"name":"(anonymous_4)","decl":{"start":{"line":8,"column":28},"end":{"line":8,"column":29}},"loc":{"start":{"line":8,"column":39},"end":{"line":21,"column":null}}},"2":{"name":"(anonymous_5)","decl":{"start":{"line":12,"column":7},"end":{"line":12,"column":8}},"loc":{"start":{"line":13,"column":8},"end":{"line":16,"column":null}}}},"branchMap":{"0":{"loc":{"start":{"line":9,"column":22},"end":{"line":9,"column":41}},"type":"default-arg","locations":[{"start":{"line":9,"column":32},"end":{"line":9,"column":41}}]},"1":{"loc":{"start":{"line":15,"column":52},"end":{"line":15,"column":64}},"type":"binary-expr","locations":[{"start":{"line":15,"column":52},"end":{"line":15,"column":56}},{"start":{"line":15,"column":60},"end":{"line":15,"column":64}}]}},"s":{"0":0,"1":18,"2":18,"3":18,"4":18,"5":18,"6":0,"7":0,"8":0},"f":{"0":0,"1":0,"2":0},"b":{"0":[0],"1":[0,0]}}
,"/Users/m.pismenskiy/projects/pijma/packages/b2b-desktop/src/main/stepper/StepperControl.tsx": {"path":"/Users/m.pismenskiy/projects/pijma/packages/b2b-desktop/src/main/stepper/StepperControl.tsx","statementMap":{"0":{"start":{"line":24,"column":0},"end":{"line":24,"column":15}},"1":{"start":{"line":1,"column":35},"end":{"line":1,"column":null}},"2":{"start":{"line":5,"column":48},"end":{"line":22,"column":null}},"3":{"start":{"line":6,"column":21},"end":{"line":6,"column":73}},"4":{"start":{"line":6,"column":35},"end":{"line":6,"column":63}},"5":{"start":{"line":7,"column":2},"end":{"line":20,"column":null}},"6":{"start":{"line":10,"column":28},"end":{"line":10,"column":37}},"7":{"start":{"line":12,"column":10},"end":{"line":16,"column":23}},"8":{"start":{"line":18,"column":8},"end":{"line":18,"column":null}},"9":{"start":{"line":24,"column":15},"end":{"line":24,"column":29}}},"fnMap":{"0":{"name":"(anonymous_0)","decl":{"start":{"line":24,"column":0},"end":{"line":24,"column":15}},"loc":{"start":{"line":24,"column":0},"end":{"line":24,"column":15}}},"1":{"name":"(anonymous_4)","decl":{"start":{"line":5,"column":48},"end":{"line":5,"column":49}},"loc":{"start":{"line":5,"column":79},"end":{"line":22,"column":null}}},"2":{"name":"(anonymous_5)","decl":{"start":{"line":6,"column":29},"end":{"line":6,"column":35}},"loc":{"start":{"line":6,"column":35},"end":{"line":6,"column":63}}},"3":{"name":"(anonymous_6)","decl":{"start":{"line":9,"column":22},"end":{"line":9,"column":23}},"loc":{"start":{"line":9,"column":36},"end":{"line":19,"column":8}}}},"branchMap":{"0":{"loc":{"start":{"line":12,"column":10},"end":{"line":16,"column":23}},"type":"cond-expr","locations":[{"start":{"line":13,"column":14},"end":{"line":13,"column":21}},{"start":{"line":14,"column":14},"end":{"line":16,"column":23}}]},"1":{"loc":{"start":{"line":14,"column":14},"end":{"line":16,"column":23}},"type":"cond-expr","locations":[{"start":{"line":15,"column":14},"end":{"line":15,"column":22}},{"start":{"line":16,"column":14},"end":{"line":16,"column":23}}]}},"s":{"0":0,"1":18,"2":18,"3":0,"4":0,"5":0,"6":0,"7":0,"8":0,"9":18},"f":{"0":0,"1":0,"2":0,"3":0},"b":{"0":[0,0],"1":[0,0]}}
,"/Users/m.pismenskiy/projects/pijma/packages/b2b-desktop/src/main/stepper/index.tsx": {"path":"/Users/m.pismenskiy/projects/pijma/packages/b2b-desktop/src/main/stepper/index.tsx","statementMap":{"0":{"start":{"line":43,"column":9},"end":{"line":43,"column":16}},"1":{"start":{"line":1,"column":31},"end":{"line":1,"column":null}},"2":{"start":{"line":2,"column":36},"end":{"line":2,"column":null}},"3":{"start":{"line":4,"column":24},"end":{"line":4,"column":null}},"4":{"start":{"line":5,"column":21},"end":{"line":5,"column":null}},"5":{"start":{"line":6,"column":27},"end":{"line":6,"column":null}},"6":{"start":{"line":9,"column":34},"end":{"line":41,"column":null}},"7":{"start":{"line":15,"column":2},"end":{"line":17,"column":null}},"8":{"start":{"line":16,"column":4},"end":{"line":16,"column":null}},"9":{"start":{"line":19,"column":2},"end":{"line":39,"column":null}},"10":{"start":{"line":23,"column":10},"end":{"line":34,"column":25}},"11":{"start":{"line":28,"column":31},"end":{"line":28,"column":64}}},"fnMap":{"0":{"name":"(anonymous_0)","decl":{"start":{"line":43,"column":9},"end":{"line":43,"column":16}},"loc":{"start":{"line":43,"column":9},"end":{"line":43,"column":16}}},"1":{"name":"(anonymous_5)","decl":{"start":{"line":9,"column":34},"end":{"line":9,"column":35}},"loc":{"start":{"line":14,"column":6},"end":{"line":41,"column":null}}},"2":{"name":"(anonymous_6)","decl":{"start":{"line":22,"column":9},"end":{"line":22,"column":10}},"loc":{"start":{"line":23,"column":10},"end":{"line":34,"column":25}}},"3":{"name":"(anonymous_7)","decl":{"start":{"line":28,"column":25},"end":{"line":28,"column":31}},"loc":{"start":{"line":28,"column":31},"end":{"line":28,"column":64}}}},"branchMap":{"0":{"loc":{"start":{"line":10,"column":2},"end":{"line":10,"column":10}},"type":"default-arg","locations":[{"start":{"line":10,"column":9},"end":{"line":10,"column":10}}]},"1":{"loc":{"start":{"line":12,"column":2},"end":{"line":12,"column":19}},"type":"default-arg","locations":[{"start":{"line":12,"column":17},"end":{"line":12,"column":19}}]},"2":{"loc":{"start":{"line":15,"column":2},"end":{"line":17,"column":null}},"type":"if","locations":[{"start":{"line":15,"column":2},"end":{"line":17,"column":null}}]},"3":{"loc":{"start":{"line":15,"column":6},"end":{"line":15,"column":26}},"type":"binary-expr","locations":[{"start":{"line":15,"column":6},"end":{"line":15,"column":12}},{"start":{"line":15,"column":16},"end":{"line":15,"column":26}}]},"4":{"loc":{"start":{"line":28,"column":31},"end":{"line":28,"column":64}},"type":"binary-expr","locations":[{"start":{"line":28,"column":31},"end":{"line":28,"column":39}},{"start":{"line":28,"column":43},"end":{"line":28,"column":64}}]},"5":{"loc":{"start":{"line":31,"column":13},"end":{"line":33,"column":null}},"type":"binary-expr","locations":[{"start":{"line":31,"column":13},"end":{"line":31,"column":32}},{"start":{"line":32,"column":14},"end":{"line":33,"column":null}}]}},"s":{"0":0,"1":18,"2":18,"3":18,"4":18,"5":18,"6":18,"7":0,"8":0,"9":0,"10":0,"11":0},"f":{"0":0,"1":0,"2":0,"3":0},"b":{"0":[0],"1":[0],"2":[0],"3":[0,0],"4":[0,0],"5":[0,0]}}
,"/Users/m.pismenskiy/projects/pijma/packages/b2b-desktop/src/main/theme/color.ts": {"path":"/Users/m.pismenskiy/projects/pijma/packages/b2b-desktop/src/main/theme/color.ts","statementMap":{"0":{"start":{"line":2,"column":13},"end":{"line":2,"column":20}},"1":{"start":{"line":3,"column":13},"end":{"line":3,"column":18}},"2":{"start":{"line":4,"column":13},"end":{"line":4,"column":18}},"3":{"start":{"line":11,"column":13},"end":{"line":11,"column":23}},"4":{"start":{"line":24,"column":13},"end":{"line":24,"column":17}},"5":{"start":{"line":37,"column":13},"end":{"line":37,"column":17}},"6":{"start":{"line":41,"column":13},"end":{"line":41,"column":18}},"7":{"start":{"line":43,"column":13},"end":{"line":43,"column":19}},"8":{"start":{"line":55,"column":13},"end":{"line":55,"column":31}},"9":{"start":{"line":67,"column":13},"end":{"line":67,"column":24}},"10":{"start":{"line":78,"column":13},"end":{"line":78,"column":25}},"11":{"start":{"line":83,"column":13},"end":{"line":83,"column":19}},"12":{"start":{"line":2,"column":23},"end":{"line":2,"column":32}},"13":{"start":{"line":3,"column":21},"end":{"line":3,"column":30}},"14":{"start":{"line":4,"column":21},"end":{"line":9,"column":null}},"15":{"start":{"line":11,"column":26},"end":{"line":22,"column":null}},"16":{"start":{"line":24,"column":20},"end":{"line":35,"column":null}},"17":{"start":{"line":37,"column":20},"end":{"line":39,"column":null}},"18":{"start":{"line":41,"column":21},"end":{"line":41,"column":23}},"19":{"start":{"line":43,"column":22},"end":{"line":53,"column":null}},"20":{"start":{"line":55,"column":34},"end":{"line":65,"column":null}},"21":{"start":{"line":67,"column":27},"end":{"line":76,"column":null}},"22":{"start":{"line":78,"column":28},"end":{"line":81,"column":null}},"23":{"start":{"line":83,"column":22},"end":{"line":88,"column":null}}},"fnMap":{"0":{"name":"(anonymous_1)","decl":{"start":{"line":2,"column":20},"end":{"line":2,"column":23}},"loc":{"start":{"line":2,"column":13},"end":{"line":2,"column":20}}},"1":{"name":"(anonymous_2)","decl":{"start":{"line":3,"column":18},"end":{"line":3,"column":21}},"loc":{"start":{"line":3,"column":13},"end":{"line":3,"column":18}}},"2":{"name":"(anonymous_3)","decl":{"start":{"line":4,"column":18},"end":{"line":4,"column":21}},"loc":{"start":{"line":4,"column":13},"end":{"line":4,"column":18}}},"3":{"name":"(anonymous_4)","decl":{"start":{"line":11,"column":23},"end":{"line":11,"column":26}},"loc":{"start":{"line":11,"column":13},"end":{"line":11,"column":23}}},"4":{"name":"(anonymous_5)","decl":{"start":{"line":24,"column":17},"end":{"line":24,"column":20}},"loc":{"start":{"line":24,"column":13},"end":{"line":24,"column":17}}},"5":{"name":"(anonymous_6)","decl":{"start":{"line":37,"column":17},"end":{"line":37,"column":20}},"loc":{"start":{"line":37,"column":13},"end":{"line":37,"column":17}}},"6":{"name":"(anonymous_7)","decl":{"start":{"line":41,"column":18},"end":{"line":41,"column":21}},"loc":{"start":{"line":41,"column":13},"end":{"line":41,"column":18}}},"7":{"name":"(anonymous_8)","decl":{"start":{"line":43,"column":19},"end":{"line":43,"column":22}},"loc":{"start":{"line":43,"column":13},"end":{"line":43,"column":19}}},"8":{"name":"(anonymous_9)","decl":{"start":{"line":55,"column":31},"end":{"line":55,"column":34}},"loc":{"start":{"line":55,"column":13},"end":{"line":55,"column":31}}},"9":{"name":"(anonymous_10)","decl":{"start":{"line":67,"column":24},"end":{"line":67,"column":27}},"loc":{"start":{"line":67,"column":13},"end":{"line":67,"column":24}}},"10":{"name":"(anonymous_11)","decl":{"start":{"line":78,"column":25},"end":{"line":78,"column":28}},"loc":{"start":{"line":78,"column":13},"end":{"line":78,"column":25}}},"11":{"name":"(anonymous_12)","decl":{"start":{"line":83,"column":19},"end":{"line":83,"column":22}},"loc":{"start":{"line":83,"column":13},"end":{"line":83,"column":19}}}},"branchMap":{},"s":{"0":2,"1":0,"2":36,"3":54,"4":162,"5":0,"6":0,"7":0,"8":0,"9":0,"10":0,"11":54,"12":18,"13":18,"14":18,"15":18,"16":18,"17":18,"18":18,"19":18,"20":18,"21":18,"22":18,"23":18},"f":{"0":2,"1":0,"2":36,"3":54,"4":162,"5":0,"6":0,"7":0,"8":0,"9":0,"10":0,"11":54},"b":{}}
,"/Users/m.pismenskiy/projects/pijma/packages/b2b-desktop/src/main/theme/dimen.ts": {"path":"/Users/m.pismenskiy/projects/pijma/packages/b2b-desktop/src/main/theme/dimen.ts","statementMap":{"0":{"start":{"line":1,"column":13},"end":{"line":1,"column":23}},"1":{"start":{"line":2,"column":13},"end":{"line":2,"column":30}},"2":{"start":{"line":3,"column":13},"end":{"line":3,"column":25}},"3":{"start":{"line":5,"column":0},"end":{"line":5,"column":15}},"4":{"start":{"line":1,"column":26},"end":{"line":1,"column":34}},"5":{"start":{"line":2,"column":33},"end":{"line":2,"column":40}},"6":{"start":{"line":3,"column":28},"end":{"line":3,"column":34}},"7":{"start":{"line":5,"column":15},"end":{"line":9,"column":null}}},"fnMap":{"0":{"name":"(anonymous_1)","decl":{"start":{"line":1,"column":23},"end":{"line":1,"column":26}},"loc":{"start":{"line":1,"column":13},"end":{"line":1,"column":23}}},"1":{"name":"(anonymous_2)","decl":{"start":{"line":2,"column":30},"end":{"line":2,"column":33}},"loc":{"start":{"line":2,"column":13},"end":{"line":2,"column":30}}},"2":{"name":"(anonymous_3)","decl":{"start":{"line":3,"column":25},"end":{"line":3,"column":28}},"loc":{"start":{"line":3,"column":13},"end":{"line":3,"column":25}}},"3":{"name":"(anonymous_4)","decl":{"start":{"line":9,"column":1},"end":{"line":9,"column":null}},"loc":{"start":{"line":5,"column":0},"end":{"line":5,"column":15}}}},"branchMap":{},"s":{"0":18,"1":0,"2":4,"3":0,"4":18,"5":18,"6":18,"7":18},"f":{"0":18,"1":0,"2":4,"3":0},"b":{}}
,"/Users/m.pismenskiy/projects/pijma/packages/b2b-desktop/src/main/theme/grid.ts": {"path":"/Users/m.pismenskiy/projects/pijma/packages/b2b-desktop/src/main/theme/grid.ts","statementMap":{"0":{"start":{"line":1,"column":30},"end":{"line":1,"column":36}}},"fnMap":{},"branchMap":{},"s":{"0":0},"f":{},"b":{}}
,"/Users/m.pismenskiy/projects/pijma/packages/b2b-desktop/src/main/theme/index.ts": {"path":"/Users/m.pismenskiy/projects/pijma/packages/b2b-desktop/src/main/theme/index.ts","statementMap":{"0":{"start":{"line":1,"column":17},"end":{"line":1,"column":23}},"1":{"start":{"line":2,"column":16},"end":{"line":2,"column":22}},"2":{"start":{"line":3,"column":17},"end":{"line":3,"column":23}},"3":{"start":{"line":1,"column":23},"end":{"line":1,"column":null}},"4":{"start":{"line":2,"column":22},"end":{"line":2,"column":null}},"5":{"start":{"line":3,"column":23},"end":{"line":3,"column":null}}},"fnMap":{"0":{"name":"(anonymous_1)","decl":{"start":{"line":1,"column":17},"end":{"line":1,"column":23}},"loc":{"start":{"line":1,"column":17},"end":{"line":1,"column":23}}},"1":{"name":"(anonymous_2)","decl":{"start":{"line":2,"column":16},"end":{"line":2,"column":22}},"loc":{"start":{"line":2,"column":16},"end":{"line":2,"column":22}}},"2":{"name":"(anonymous_3)","decl":{"start":{"line":3,"column":17},"end":{"line":3,"column":23}},"loc":{"start":{"line":3,"column":17},"end":{"line":3,"column":23}}}},"branchMap":{},"s":{"0":308,"1":0,"2":22,"3":18,"4":18,"5":18},"f":{"0":308,"1":0,"2":22},"b":{}}
,"/Users/m.pismenskiy/projects/pijma/packages/b2b-desktop/src/main/theme/text.ts": {"path":"/Users/m.pismenskiy/projects/pijma/packages/b2b-desktop/src/main/theme/text.ts","statementMap":{"0":{"start":{"line":1,"column":13},"end":{"line":1,"column":22}},"1":{"start":{"line":9,"column":13},"end":{"line":9,"column":24}},"2":{"start":{"line":11,"column":0},"end":{"line":11,"column":15}},"3":{"start":{"line":1,"column":25},"end":{"line":7,"column":null}},"4":{"start":{"line":9,"column":27},"end":{"line":9,"column":30}},"5":{"start":{"line":11,"column":15},"end":{"line":14,"column":null}}},"fnMap":{"0":{"name":"(anonymous_1)","decl":{"start":{"line":1,"column":22},"end":{"line":1,"column":25}},"loc":{"start":{"line":1,"column":13},"end":{"line":1,"column":22}}},"1":{"name":"(anonymous_2)","decl":{"start":{"line":9,"column":24},"end":{"line":9,"column":27}},"loc":{"start":{"line":9,"column":13},"end":{"line":9,"column":24}}},"2":{"name":"(anonymous_3)","decl":{"start":{"line":14,"column":1},"end":{"line":14,"column":null}},"loc":{"start":{"line":11,"column":0},"end":{"line":11,"column":15}}}},"branchMap":{},"s":{"0":0,"1":0,"2":0,"3":18,"4":18,"5":18},"f":{"0":0,"1":0,"2":0},"b":{}}
,"/Users/m.pismenskiy/projects/pijma/packages/b2b-desktop/src/main/trinary-check-icon/index.tsx": {"path":"/Users/m.pismenskiy/projects/pijma/packages/b2b-desktop/src/main/trinary-check-icon/index.tsx","statementMap":{"0":{"start":{"line":6,"column":13},"end":{"line":6,"column":29}},"1":{"start":{"line":53,"column":0},"end":{"line":53,"column":15}},"2":{"start":{"line":1,"column":32},"end":{"line":1,"column":null}},"3":{"start":{"line":2,"column":18},"end":{"line":2,"column":null}},"4":{"start":{"line":6,"column":32},"end":{"line":51,"column":null}},"5":{"start":{"line":11,"column":2},"end":{"line":49,"column":null}},"6":{"start":{"line":53,"column":15},"end":{"line":53,"column":31}}},"fnMap":{"0":{"name":"(anonymous_1)","decl":{"start":{"line":6,"column":29},"end":{"line":6,"column":32}},"loc":{"start":{"line":6,"column":13},"end":{"line":6,"column":29}}},"1":{"name":"(anonymous_2)","decl":{"start":{"line":53,"column":31},"end":{"line":53,"column":null}},"loc":{"start":{"line":53,"column":0},"end":{"line":53,"column":15}}},"2":{"name":"(anonymous_4)","decl":{"start":{"line":6,"column":32},"end":{"line":6,"column":33}},"loc":{"start":{"line":10,"column":28},"end":{"line":51,"column":null}}}},"branchMap":{"0":{"loc":{"start":{"line":25,"column":14},"end":{"line":25,"column":62}},"type":"cond-expr","locations":[{"start":{"line":25,"column":37},"end":{"line":25,"column":46}},{"start":{"line":25,"column":49},"end":{"line":25,"column":62}}]},"1":{"loc":{"start":{"line":25,"column":14},"end":{"line":25,"column":34}},"type":"binary-expr","locations":[{"start":{"line":25,"column":14},"end":{"line":25,"column":21}},{"start":{"line":25,"column":25},"end":{"line":25,"column":34}}]},"2":{"loc":{"start":{"line":35,"column":14},"end":{"line":35,"column":72}},"type":"cond-expr","locations":[{"start":{"line":35,"column":29},"end":{"line":35,"column":55}},{"start":{"line":35,"column":59},"end":{"line":35,"column":72}}]},"3":{"loc":{"start":{"line":35,"column":29},"end":{"line":35,"column":55}},"type":"cond-expr","locations":[{"start":{"line":35,"column":40},"end":{"line":35,"column":46}},{"start":{"line":35,"column":49},"end":{"line":35,"column":55}}]},"4":{"loc":{"start":{"line":41,"column":10},"end":{"line":45,"column":27}},"type":"cond-expr","locations":[{"start":{"line":42,"column":14},"end":{"line":44,"column":22}},{"start":{"line":45,"column":14},"end":{"line":45,"column":27}}]},"5":{"loc":{"start":{"line":41,"column":10},"end":{"line":41,"column":39}},"type":"binary-expr","locations":[{"start":{"line":41,"column":10},"end":{"line":41,"column":21}},{"start":{"line":41,"column":25},"end":{"line":41,"column":39}}]},"6":{"loc":{"start":{"line":42,"column":14},"end":{"line":44,"column":22}},"type":"cond-expr","locations":[{"start":{"line":43,"column":16},"end":{"line":43,"column":22}},{"start":{"line":44,"column":16},"end":{"line":44,"column":22}}]}},"s":{"0":4,"1":5,"2":18,"3":18,"4":18,"5":8,"6":18},"f":{"0":4,"1":5,"2":8},"b":{"0":[0,8],"1":[8,0],"2":[2,6],"3":[0,2],"4":[3,5],"5":[8,6],"6":[0,3]}}
,"/Users/m.pismenskiy/projects/pijma/packages/b2b-desktop/src/main/user-profile/index.tsx": {"path":"/Users/m.pismenskiy/projects/pijma/packages/b2b-desktop/src/main/user-profile/index.tsx","statementMap":{"0":{"start":{"line":17,"column":13},"end":{"line":17,"column":24}},"1":{"start":{"line":1,"column":35},"end":{"line":1,"column":null}},"2":{"start":{"line":2,"column":33},"end":{"line":2,"column":null}},"3":{"start":{"line":6,"column":20},"end":{"line":12,"column":1}},"4":{"start":{"line":13,"column":23},"end":{"line":13,"column":38}},"5":{"start":{"line":15,"column":17},"end":{"line":15,"column":32}},"6":{"start":{"line":19,"column":34},"end":{"line":19,"column":44}},"7":{"start":{"line":20,"column":4},"end":{"line":28,"column":null}}},"fnMap":{"0":{"name":"(anonymous_0)","decl":{"start":{"line":17,"column":13},"end":{"line":17,"column":24}},"loc":{"start":{"line":17,"column":13},"end":{"line":17,"column":24}}},"1":{"name":"(anonymous_4)","decl":{"start":{"line":18,"column":2},"end":{"line":18,"column":8}},"loc":{"start":{"line":18,"column":11},"end":{"line":30,"column":null}}}},"branchMap":{},"s":{"0":6,"1":18,"2":18,"3":18,"4":18,"5":18,"6":5,"7":5},"f":{"0":6,"1":5},"b":{}}
}
