TN:
SF:src/main/index.ts
FNF:0
FNH:0
DA:1,18
DA:3,18
DA:4,18
DA:5,18
DA:6,18
DA:7,18
DA:8,18
DA:9,18
DA:10,18
DA:11,18
DA:12,18
DA:13,18
DA:14,18
DA:15,18
DA:16,18
DA:17,18
DA:18,18
DA:19,18
DA:20,18
DA:21,18
DA:22,18
DA:23,18
DA:24,18
DA:25,18
DA:26,18
DA:27,18
DA:28,18
DA:29,18
LF:28
LH:28
BRF:0
BRH:0
end_of_record
TN:
SF:src/main/Icon/index.tsx
FN:20,(anonymous_0)
FN:14,(anonymous_4)
FN:15,(anonymous_5)
FN:21,(anonymous_6)
FNF:4
FNH:4
FNDA:4,(anonymous_0)
FNDA:3,(anonymous_4)
FNDA:3,(anonymous_5)
FNDA:3,(anonymous_6)
DA:5,18
DA:6,18
DA:10,18
DA:14,3
DA:15,3
DA:20,4
DA:22,3
DA:24,3
LF:8
LH:8
BRDA:14,0,0,1
BRDA:14,0,1,2
BRDA:15,1,0,1
BRDA:15,1,1,2
BRDA:26,2,0,3
BRDA:26,2,1,0
BRF:6
BRH:5
end_of_record
TN:
SF:src/main/amount/index.tsx
FN:6,(anonymous_0)
FN:6,(anonymous_2)
FNF:2
FNH:2
FNDA:2,(anonymous_0)
FNDA:1,(anonymous_2)
DA:1,18
DA:2,18
DA:6,18
DA:15,1
LF:4
LH:4
BRDA:11,0,0,1
BRDA:12,1,0,1
BRF:2
BRH:2
end_of_record
TN:
SF:src/main/checkbox/index.tsx
FN:41,(anonymous_0)
FN:31,(anonymous_5)
FN:13,(anonymous_7)
FNF:3
FNH:2
FNDA:6,(anonymous_0)
FNDA:5,(anonymous_5)
FNDA:0,(anonymous_7)
DA:1,18
DA:2,18
DA:4,18
DA:7,18
DA:13,5
DA:14,0
DA:15,0
DA:16,0
DA:19,0
DA:20,0
DA:21,0
DA:24,0
DA:25,0
DA:27,0
DA:32,5
DA:33,5
DA:41,6
LF:17
LH:8
BRDA:15,0,0,0
BRDA:19,1,0,0
BRDA:24,2,0,0
BRDA:24,2,1,0
BRF:4
BRH:0
end_of_record
TN:
SF:src/main/chip/index.tsx
FN:36,(anonymous_0)
FN:21,(anonymous_2)
FNF:2
FNH:0
FNDA:0,(anonymous_0)
FNDA:0,(anonymous_2)
DA:1,18
DA:2,18
DA:6,18
DA:16,18
DA:21,18
DA:22,0
DA:36,0
LF:7
LH:5
BRDA:21,0,0,0
BRDA:24,1,0,0
BRDA:24,1,1,0
BRF:3
BRH:0
end_of_record
TN:
SF:src/main/date-picker/index.tsx
FN:138,(anonymous_0)
FN:48,(anonymous_5)
FN:55,(anonymous_6)
FN:60,(anonymous_7)
FN:61,(anonymous_8)
FN:66,(anonymous_9)
FN:81,(anonymous_10)
FN:89,(anonymous_11)
FN:110,(anonymous_12)
FN:117,(anonymous_13)
FN:34,(anonymous_14)
FNF:11
FNH:3
FNDA:2,(anonymous_0)
FNDA:0,(anonymous_5)
FNDA:0,(anonymous_6)
FNDA:0,(anonymous_7)
FNDA:0,(anonymous_8)
FNDA:0,(anonymous_9)
FNDA:0,(anonymous_10)
FNDA:1,(anonymous_11)
FNDA:0,(anonymous_12)
FNDA:0,(anonymous_13)
FNDA:1,(anonymous_14)
DA:1,18
DA:2,18
DA:3,18
DA:4,18
DA:5,18
DA:6,18
DA:8,18
DA:11,18
DA:12,18
DA:14,18
DA:22,18
DA:35,1
DA:36,1
DA:37,1
DA:44,1
DA:45,1
DA:49,0
DA:50,0
DA:51,0
DA:56,0
DA:57,0
DA:61,0
DA:62,0
DA:67,0
DA:68,0
DA:69,0
DA:71,0
DA:74,0
DA:76,0
DA:77,0
DA:82,0
DA:83,0
DA:84,0
DA:85,0
DA:90,1
DA:91,1
DA:92,1
DA:93,1
DA:95,1
DA:118,0
DA:136,18
DA:138,2
LF:42
LH:23
BRDA:50,0,0,0
BRDA:68,1,0,0
BRDA:68,1,1,0
BRDA:76,2,0,0
BRDA:83,3,0,0
BRDA:99,4,0,1
BRDA:99,4,1,0
BRDA:103,5,0,0
BRDA:103,5,1,1
BRF:9
BRH:2
end_of_record
TN:
SF:src/main/date-picker/locale.ts
FN:1,(anonymous_1)
FN:16,(anonymous_2)
FN:26,(anonymous_3)
FN:1,(anonymous_4)
FN:16,(anonymous_5)
FN:26,(anonymous_6)
FNF:6
FNH:6
FNDA:2,(anonymous_1)
FNDA:2,(anonymous_2)
FNDA:2,(anonymous_3)
FNDA:2,(anonymous_4)
FNDA:2,(anonymous_5)
FNDA:2,(anonymous_6)
DA:1,18
DA:16,18
DA:26,18
LF:3
LH:3
BRF:0
BRH:0
end_of_record
TN:
SF:src/main/date-picker/wrap.tsx
FN:3,(anonymous_0)
FN:186,(anonymous_1)
FN:190,(anonymous_2)
FNF:3
FNH:3
FNDA:2,(anonymous_0)
FNDA:2,(anonymous_1)
FNDA:2,(anonymous_2)
DA:1,18
DA:3,18
DA:186,2
DA:190,2
LF:4
LH:4
BRF:0
BRH:0
end_of_record
TN:
SF:src/main/date-range-picker/index.tsx
FN:18,(anonymous_1)
FN:51,(anonymous_2)
FN:239,(anonymous_3)
FN:148,(anonymous_10)
FN:192,(anonymous_11)
FN:208,(anonymous_12)
FN:217,(anonymous_13)
FN:86,(anonymous_14)
FN:100,(anonymous_15)
FN:115,(anonymous_16)
FN:133,(anonymous_17)
FN:138,(anonymous_18)
FN:139,(anonymous_19)
FN:144,(anonymous_20)
FNF:14
FNH:4
FNDA:0,(anonymous_1)
FNDA:0,(anonymous_2)
FNDA:2,(anonymous_3)
FNDA:1,(anonymous_10)
FNDA:0,(anonymous_11)
FNDA:0,(anonymous_12)
FNDA:0,(anonymous_13)
FNDA:1,(anonymous_14)
FNDA:1,(anonymous_15)
FNDA:0,(anonymous_16)
FNDA:0,(anonymous_17)
FNDA:0,(anonymous_18)
FNDA:0,(anonymous_19)
FNDA:0,(anonymous_20)
DA:1,18
DA:2,18
DA:3,18
DA:4,18
DA:5,18
DA:6,18
DA:12,18
DA:13,18
DA:14,18
DA:18,18
DA:51,18
DA:59,18
DA:64,18
DA:68,18
DA:75,18
DA:87,1
DA:88,1
DA:93,1
DA:94,1
DA:95,1
DA:100,1
DA:101,1
DA:102,0
DA:105,1
DA:109,1
DA:112,0
DA:115,1
DA:116,0
DA:117,0
DA:120,0
DA:125,0
DA:126,0
DA:128,0
DA:129,0
DA:133,1
DA:134,0
DA:135,0
DA:138,1
DA:139,0
DA:140,0
DA:144,1
DA:145,0
DA:149,1
DA:150,1
DA:151,1
DA:152,1
DA:153,1
DA:163,1
DA:164,1
DA:165,1
DA:166,1
DA:167,1
DA:169,1
DA:170,0
DA:172,1
DA:173,0
DA:176,1
DA:209,0
DA:218,0
DA:237,18
DA:239,2
LF:61
LH:43
BRDA:167,0,0,1
BRDA:167,0,1,1
BRDA:169,1,0,0
BRDA:172,2,0,0
BRDA:186,3,0,1
BRDA:186,3,1,0
BRDA:196,4,0,0
BRDA:196,4,1,1
BRDA:101,5,0,0
BRDA:105,6,0,1
BRDA:106,7,0,1
BRDA:106,7,1,1
BRDA:116,8,0,0
BRDA:122,9,0,0
BRDA:122,9,1,0
BRDA:126,10,0,0
BRDA:126,10,1,0
BRDA:128,11,0,0
BRDA:128,12,0,0
BRDA:128,12,1,0
BRDA:128,12,2,0
BRDA:129,13,0,0
BRDA:129,13,1,0
BRF:23
BRH:7
end_of_record
TN:
SF:src/main/divider/index.tsx
FN:16,(anonymous_0)
FN:10,(anonymous_2)
FN:12,(anonymous_3)
FN:16,(anonymous_4)
FNF:4
FNH:4
FNDA:2,(anonymous_0)
FNDA:1,(anonymous_2)
FNDA:1,(anonymous_3)
FNDA:1,(anonymous_4)
DA:1,18
DA:2,18
DA:6,18
DA:11,1
DA:13,1
DA:16,18
DA:22,1
LF:7
LH:7
BRDA:11,0,0,1
BRDA:11,0,1,0
BRDA:13,1,0,0
BRDA:13,1,1,1
BRDA:17,2,0,1
BRDA:18,3,0,1
BRDA:19,4,0,1
BRDA:20,5,0,0
BRF:8
BRH:5
end_of_record
TN:
SF:src/main/dropdown/Container.tsx
FN:8,(anonymous_1)
FN:24,(anonymous_2)
FN:28,(anonymous_3)
FN:40,(anonymous_4)
FN:45,(anonymous_5)
FN:49,(anonymous_6)
FN:89,(anonymous_7)
FN:55,(anonymous_11)
FN:63,(anonymous_12)
FN:72,(anonymous_13)
FN:77,(anonymous_14)
FNF:11
FNH:3
FNDA:0,(anonymous_1)
FNDA:0,(anonymous_2)
FNDA:0,(anonymous_3)
FNDA:0,(anonymous_4)
FNDA:0,(anonymous_5)
FNDA:0,(anonymous_6)
FNDA:1,(anonymous_7)
FNDA:1,(anonymous_11)
FNDA:0,(anonymous_12)
FNDA:4,(anonymous_13)
FNDA:0,(anonymous_14)
DA:1,18
DA:2,18
DA:3,18
DA:5,18
DA:8,18
DA:24,18
DA:28,18
DA:40,18
DA:45,18
DA:49,18
DA:56,1
DA:57,1
DA:63,0
DA:73,4
DA:77,0
DA:89,1
LF:16
LH:14
BRDA:60,0,0,0
BRDA:60,0,1,1
BRDA:75,1,0,0
BRDA:75,1,1,4
BRDA:79,2,0,0
BRDA:79,2,1,4
BRF:6
BRH:3
end_of_record
TN:
SF:src/main/dropdown/index.tsx
FN:7,(anonymous_1)
FN:57,(anonymous_2)
FN:57,(anonymous_3)
FN:21,(anonymous_7)
FN:30,(anonymous_8)
FN:42,(anonymous_9)
FN:15,(anonymous_10)
FNF:7
FNH:4
FNDA:0,(anonymous_1)
FNDA:4,(anonymous_2)
FNDA:1,(anonymous_3)
FNDA:0,(anonymous_7)
FNDA:3,(anonymous_8)
FNDA:0,(anonymous_9)
FNDA:3,(anonymous_10)
DA:1,18
DA:2,18
DA:4,18
DA:7,18
DA:16,3
DA:17,3
DA:18,3
DA:22,0
DA:23,0
DA:24,0
DA:26,0
DA:31,3
DA:33,3
DA:43,0
DA:57,4
LF:15
LH:10
BRDA:22,0,0,0
BRDA:23,1,0,0
BRDA:23,2,0,0
BRDA:23,2,1,0
BRF:4
BRH:0
end_of_record
TN:
SF:src/main/empty-page/index.tsx
FN:45,(anonymous_0)
FN:9,(anonymous_4)
FNF:2
FNH:0
FNDA:0,(anonymous_0)
FNDA:0,(anonymous_4)
DA:1,18
DA:2,18
DA:3,18
DA:5,18
DA:6,18
DA:10,0
DA:45,18
LF:7
LH:6
BRF:0
BRH:0
end_of_record
TN:
SF:src/main/error-message/index.tsx
FN:37,(anonymous_0)
FN:20,(anonymous_4)
FNF:2
FNH:2
FNDA:3,(anonymous_0)
FNDA:2,(anonymous_4)
DA:1,18
DA:2,18
DA:4,18
DA:7,18
DA:14,18
DA:21,2
DA:23,2
DA:37,3
LF:8
LH:8
BRDA:26,0,0,1
BRDA:26,0,1,1
BRDA:29,1,0,1
BRDA:29,1,1,1
BRF:4
BRH:4
end_of_record
TN:
SF:src/main/file-uploader/FileUploaderControl.ts
FN:26,(anonymous_0)
FN:5,(anonymous_1)
FN:11,(anonymous_2)
FN:14,(anonymous_3)
FN:19,(anonymous_4)
FNF:5
FNH:0
FNDA:0,(anonymous_0)
FNDA:0,(anonymous_1)
FNDA:0,(anonymous_2)
FNDA:0,(anonymous_3)
FNDA:0,(anonymous_4)
DA:5,18
DA:11,0
DA:13,0
DA:15,0
DA:16,0
DA:17,0
DA:20,0
DA:21,0
DA:26,18
LF:9
LH:2
BRDA:11,0,0,0
BRDA:11,0,1,0
BRDA:16,1,0,0
BRDA:16,1,1,0
BRF:4
BRH:0
end_of_record
TN:
SF:src/main/file-uploader/FileUploaderStyles.ts
FN:3,(anonymous_1)
FN:22,(anonymous_2)
FN:16,(anonymous_3)
FN:18,(anonymous_4)
FN:19,(anonymous_5)
FN:20,(anonymous_6)
FN:21,(anonymous_7)
FNF:7
FNH:0
FNDA:0,(anonymous_1)
FNDA:0,(anonymous_2)
FNDA:0,(anonymous_3)
FNDA:0,(anonymous_4)
FNDA:0,(anonymous_5)
FNDA:0,(anonymous_6)
FNDA:0,(anonymous_7)
DA:1,18
DA:3,18
DA:8,18
DA:16,0
DA:18,0
DA:19,0
DA:20,0
DA:21,0
LF:8
LH:3
BRDA:16,0,0,0
BRDA:16,0,1,0
BRDA:18,1,0,0
BRDA:18,1,1,0
BRDA:19,2,0,0
BRDA:19,2,1,0
BRDA:20,3,0,0
BRDA:20,3,1,0
BRDA:21,4,0,0
BRDA:21,4,1,0
BRF:10
BRH:0
end_of_record
TN:
SF:src/main/file-uploader/index.tsx
FN:83,(anonymous_0)
FN:11,(anonymous_7)
FN:29,(anonymous_8)
FN:42,(anonymous_9)
FN:70,(anonymous_10)
FN:72,(anonymous_11)
FNF:6
FNH:0
FNDA:0,(anonymous_0)
FNDA:0,(anonymous_7)
FNDA:0,(anonymous_8)
FNDA:0,(anonymous_9)
FNDA:0,(anonymous_10)
FNDA:0,(anonymous_11)
DA:1,18
DA:2,18
DA:3,18
DA:4,18
DA:6,18
DA:7,18
DA:9,18
DA:11,18
DA:23,0
DA:30,0
DA:43,0
DA:71,0
DA:72,0
DA:83,0
LF:14
LH:8
BRDA:15,0,0,0
BRDA:18,1,0,0
BRDA:30,2,0,0
BRDA:30,2,1,0
BRDA:55,3,0,0
BRDA:55,3,1,0
BRDA:68,4,0,0
BRDA:68,4,1,0
BRF:8
BRH:0
end_of_record
TN:
SF:src/main/footer/index.tsx
FN:76,(anonymous_0)
FN:19,(anonymous_2)
FN:27,setLang
FN:31,(anonymous_4)
FN:52,(anonymous_5)
FN:65,(anonymous_6)
FNF:6
FNH:0
FNDA:0,(anonymous_0)
FNDA:0,(anonymous_2)
FNDA:0,setLang
FNDA:0,(anonymous_4)
FNDA:0,(anonymous_5)
FNDA:0,(anonymous_6)
DA:1,18
DA:2,18
DA:3,18
DA:5,18
DA:7,18
DA:14,18
DA:19,0
DA:28,0
DA:31,18
DA:32,0
DA:33,0
DA:34,0
DA:52,0
DA:65,0
DA:76,0
LF:15
LH:7
BRDA:40,0,0,0
BRDA:40,0,1,0
BRDA:45,1,0,0
BRDA:45,1,1,0
BRDA:58,2,0,0
BRDA:58,2,1,0
BRF:6
BRH:0
end_of_record
TN:
SF:src/main/header/index.tsx
FN:31,(anonymous_0)
FN:32,(anonymous_4)
FNF:2
FNH:2
FNDA:5,(anonymous_0)
FNDA:4,(anonymous_4)
DA:1,18
DA:2,18
DA:4,18
DA:5,18
DA:6,18
DA:7,18
DA:8,18
DA:9,18
DA:12,18
DA:25,18
DA:31,5
DA:43,4
DA:45,4
LF:13
LH:13
BRDA:48,0,0,1
BRDA:48,0,1,3
BRDA:72,1,0,3
BRDA:72,1,1,1
BRDA:72,1,2,2
BRF:5
BRH:5
end_of_record
TN:
SF:src/main/logo/index.tsx
FN:4,(anonymous_0)
FN:4,(anonymous_2)
FNF:2
FNH:2
FNDA:3,(anonymous_0)
FNDA:3,(anonymous_2)
DA:1,18
DA:2,18
DA:4,18
DA:5,3
LF:4
LH:4
BRF:0
BRH:0
end_of_record
TN:
SF:src/main/menu/index.tsx
FN:57,(anonymous_0)
FN:64,(anonymous_6)
FN:73,(anonymous_7)
FN:87,(anonymous_8)
FN:124,(anonymous_9)
FN:128,(anonymous_10)
FN:58,(anonymous_11)
FNF:7
FNH:5
FNDA:8,(anonymous_0)
FNDA:24,(anonymous_6)
FNDA:8,(anonymous_7)
FNDA:24,(anonymous_8)
FNDA:0,(anonymous_9)
FNDA:0,(anonymous_10)
FNDA:8,(anonymous_11)
DA:1,18
DA:2,18
DA:4,18
DA:8,18
DA:15,18
DA:30,18
DA:55,18
DA:57,8
DA:59,8
DA:60,8
DA:61,8
DA:65,24
DA:66,24
DA:70,24
DA:74,8
DA:76,8
DA:88,24
DA:89,0
DA:97,24
DA:98,0
DA:99,0
DA:100,0
DA:101,0
DA:104,24
DA:105,24
DA:106,24
DA:107,24
DA:108,24
DA:109,24
DA:112,24
DA:125,0
DA:127,0
DA:132,0
DA:133,0
DA:134,0
LF:35
LH:25
BRDA:66,0,0,4
BRDA:66,0,1,20
BRDA:70,1,0,3
BRDA:70,1,1,21
BRDA:88,2,0,0
BRDA:97,3,0,0
BRDA:104,4,0,24
BRDA:106,5,0,24
BRDA:106,5,1,24
BRDA:106,5,2,24
BRDA:106,5,3,0
BRDA:109,6,0,24
BRDA:109,6,1,0
BRDA:125,7,0,0
BRDA:125,7,1,0
BRDA:125,7,2,0
BRDA:127,8,0,0
BRDA:127,8,1,0
BRDA:132,9,0,0
BRF:19
BRH:9
end_of_record
TN:
SF:src/main/navigation-menu/index.tsx
FN:12,(anonymous_0)
FN:13,(anonymous_4)
FN:18,(anonymous_5)
FNF:3
FNH:3
FNDA:9,(anonymous_0)
FNDA:8,(anonymous_4)
FNDA:24,(anonymous_5)
DA:1,18
DA:2,18
DA:4,18
DA:7,18
DA:12,9
DA:14,8
DA:15,8
DA:17,8
DA:19,24
DA:20,24
DA:21,24
DA:22,16
DA:27,16
DA:29,24
DA:33,8
LF:15
LH:15
BRDA:21,0,0,16
BRF:1
BRH:1
end_of_record
TN:
SF:src/main/obfuscatedPan/index.tsx
FN:5,(anonymous_0)
FN:5,(anonymous_2)
FNF:2
FNH:2
FNDA:2,(anonymous_0)
FNDA:1,(anonymous_2)
DA:1,18
DA:5,18
DA:6,1
LF:3
LH:3
BRDA:5,0,0,0
BRDA:9,1,0,1
BRDA:9,1,1,0
BRF:3
BRH:1
end_of_record
TN:
SF:src/main/offset/index.tsx
FN:5,(anonymous_0)
FN:6,(anonymous_1)
FN:7,(anonymous_2)
FN:9,(anonymous_3)
FN:10,(anonymous_4)
FNF:5
FNH:5
FNDA:2,(anonymous_0)
FNDA:1,(anonymous_1)
FNDA:1,(anonymous_2)
FNDA:1,(anonymous_3)
FNDA:1,(anonymous_4)
DA:1,18
DA:5,18
DA:6,1
DA:8,1
DA:9,1
DA:11,1
LF:6
LH:6
BRDA:6,0,0,1
BRDA:6,0,1,1
BRDA:8,1,0,1
BRDA:8,1,1,0
BRDA:9,2,0,1
BRDA:9,2,1,1
BRDA:11,3,0,1
BRDA:11,3,1,0
BRF:8
BRH:6
end_of_record
TN:
SF:src/main/paginator/index.tsx
FN:8,(anonymous_1)
FN:17,(anonymous_2)
FN:58,(anonymous_3)
FN:14,(anonymous_10)
FN:31,(anonymous_11)
FN:52,(anonymous_12)
FN:59,(anonymous_13)
FN:66,(anonymous_14)
FN:89,(anonymous_15)
FNF:9
FNH:5
FNDA:0,(anonymous_1)
FNDA:0,(anonymous_2)
FNDA:2,(anonymous_3)
FNDA:0,(anonymous_10)
FNDA:1,(anonymous_11)
FNDA:1,(anonymous_12)
FNDA:0,(anonymous_13)
FNDA:2,(anonymous_14)
FNDA:1,(anonymous_15)
DA:1,18
DA:2,18
DA:3,18
DA:5,18
DA:8,18
DA:14,0
DA:17,18
DA:31,1
DA:53,1
DA:58,2
DA:60,0
DA:61,0
DA:63,0
DA:78,2
DA:79,1
DA:80,0
DA:83,1
DA:84,0
DA:98,1
DA:99,1
DA:100,1
DA:102,1
DA:104,1
DA:106,1
DA:108,1
DA:109,0
DA:112,1
LF:27
LH:20
BRDA:14,0,0,0
BRDA:14,0,1,0
BRDA:31,1,0,1
BRDA:31,1,1,1
BRDA:53,2,0,1
BRDA:53,2,1,0
BRDA:60,3,0,0
BRDA:78,4,0,1
BRDA:78,4,1,1
BRDA:79,5,0,0
BRDA:83,6,0,0
BRDA:104,7,0,1
BRDA:104,7,1,1
BRDA:108,8,0,0
BRF:14
BRH:7
end_of_record
TN:
SF:src/main/product/index.tsx
FN:37,(anonymous_0)
FN:49,(anonymous_4)
FN:54,(anonymous_5)
FN:55,(anonymous_6)
FN:60,(anonymous_7)
FN:39,(anonymous_8)
FNF:6
FNH:3
FNDA:6,(anonymous_0)
FNDA:0,(anonymous_4)
FNDA:0,(anonymous_5)
FNDA:0,(anonymous_6)
FNDA:5,(anonymous_7)
FNDA:5,(anonymous_8)
DA:1,18
DA:2,18
DA:4,18
DA:5,18
DA:9,18
DA:15,18
DA:21,18
DA:29,18
DA:35,18
DA:37,6
DA:40,5
DA:41,5
DA:44,5
DA:45,5
DA:46,5
DA:50,0
DA:51,0
DA:55,0
DA:56,0
DA:61,5
DA:62,5
DA:66,5
LF:22
LH:18
BRDA:62,0,0,5
BRDA:62,0,1,0
BRDA:76,1,0,5
BRDA:76,1,1,1
BRDA:83,2,0,5
BRDA:83,2,1,1
BRDA:87,3,0,1
BRDA:87,3,1,0
BRF:8
BRH:6
end_of_record
TN:
SF:src/main/select/index.tsx
FN:21,(anonymous_0)
FN:41,(anonymous_6)
FN:50,(anonymous_7)
FN:55,(anonymous_8)
FN:60,(anonymous_9)
FN:82,(anonymous_10)
FN:95,(anonymous_11)
FN:105,(anonymous_12)
FN:119,(anonymous_13)
FN:124,(anonymous_14)
FN:26,(anonymous_15)
FN:78,(anonymous_16)
FN:32,(anonymous_17)
FNF:13
FNH:5
FNDA:1,(anonymous_0)
FNDA:0,(anonymous_6)
FNDA:0,(anonymous_7)
FNDA:0,(anonymous_8)
FNDA:0,(anonymous_9)
FNDA:1,(anonymous_10)
FNDA:1,(anonymous_11)
FNDA:0,(anonymous_12)
FNDA:0,(anonymous_13)
FNDA:0,(anonymous_14)
FNDA:1,(anonymous_15)
FNDA:0,(anonymous_16)
FNDA:1,(anonymous_17)
DA:1,18
DA:2,18
DA:3,18
DA:4,18
DA:6,18
DA:10,18
DA:15,18
DA:21,1
DA:27,1
DA:28,1
DA:29,1
DA:32,1
DA:34,1
DA:35,1
DA:36,1
DA:37,1
DA:38,1
DA:42,0
DA:43,0
DA:46,0
DA:47,0
DA:51,0
DA:52,0
DA:55,0
DA:56,0
DA:61,0
DA:62,0
DA:63,0
DA:64,0
DA:65,0
DA:66,0
DA:69,0
DA:70,0
DA:73,0
DA:74,0
DA:78,1
DA:79,0
DA:93,1
DA:95,1
DA:100,1
DA:103,1
DA:104,1
DA:105,0
DA:108,1
LF:44
LH:24
BRDA:42,0,0,0
BRDA:51,1,0,0
BRDA:62,2,0,0
BRDA:63,3,0,0
BRDA:63,3,1,0
BRDA:65,4,0,0
BRDA:73,5,0,0
BRDA:95,6,0,1
BRDA:95,6,1,1
BRDA:100,7,0,1
BRDA:100,7,1,1
BRDA:100,7,2,1
BRDA:100,7,3,1
BRDA:104,8,0,0
BRDA:104,9,0,1
BRDA:104,9,1,0
BRDA:118,10,0,1
BRDA:118,10,1,0
BRDA:123,11,0,0
BRDA:123,11,1,1
BRDA:130,12,0,0
BRDA:130,12,1,1
BRDA:132,13,0,1
BRDA:132,13,1,1
BRDA:144,14,0,0
BRDA:144,14,1,1
BRDA:28,15,0,1
BRDA:28,15,1,0
BRDA:32,16,0,1
BRDA:32,16,1,1
BRF:30
BRH:16
end_of_record
TN:
SF:src/main/spinner/index.tsx
FN:6,(anonymous_0)
FN:6,(anonymous_2)
FNF:2
FNH:2
FNDA:3,(anonymous_0)
FNDA:2,(anonymous_2)
DA:1,18
DA:2,18
DA:4,18
DA:6,18
DA:7,2
LF:5
LH:5
BRF:0
BRH:0
end_of_record
TN:
SF:src/main/spreader/index.tsx
FN:3,(anonymous_0)
FNF:1
FNH:1
FNDA:18,(anonymous_0)
DA:1,18
DA:3,18
LF:2
LH:2
BRF:0
BRH:0
end_of_record
TN:
SF:src/main/step/StepStyle.ts
FN:5,(anonymous_0)
FN:10,(anonymous_1)
FN:20,(anonymous_2)
FN:29,(anonymous_3)
FNF:4
FNH:0
FNDA:0,(anonymous_0)
FNDA:0,(anonymous_1)
FNDA:0,(anonymous_2)
FNDA:0,(anonymous_3)
DA:1,18
DA:5,18
DA:11,0
DA:13,0
DA:15,0
DA:17,0
DA:21,0
DA:23,0
DA:25,0
DA:30,0
DA:32,0
DA:34,0
DA:36,0
LF:13
LH:2
BRDA:11,0,0,0
BRDA:11,0,1,0
BRDA:11,0,2,0
BRDA:21,1,0,0
BRDA:21,1,1,0
BRDA:21,1,2,0
BRDA:30,2,0,0
BRDA:30,2,1,0
BRDA:30,2,2,0
BRF:9
BRH:0
end_of_record
TN:
SF:src/main/step/index.tsx
FN:23,(anonymous_0)
FN:8,(anonymous_4)
FN:12,(anonymous_5)
FNF:3
FNH:0
FNDA:0,(anonymous_0)
FNDA:0,(anonymous_4)
FNDA:0,(anonymous_5)
DA:1,18
DA:2,18
DA:3,18
DA:6,18
DA:8,18
DA:9,0
DA:10,0
DA:13,0
DA:23,0
LF:9
LH:5
BRDA:9,0,0,0
BRDA:15,1,0,0
BRDA:15,1,1,0
BRF:3
BRH:0
end_of_record
TN:
SF:src/main/stepper/StepperControl.tsx
FN:24,(anonymous_0)
FN:5,(anonymous_4)
FN:6,(anonymous_5)
FN:9,(anonymous_6)
FNF:4
FNH:0
FNDA:0,(anonymous_0)
FNDA:0,(anonymous_4)
FNDA:0,(anonymous_5)
FNDA:0,(anonymous_6)
DA:1,18
DA:5,18
DA:6,0
DA:7,0
DA:10,0
DA:12,0
DA:18,0
DA:24,18
LF:8
LH:3
BRDA:12,0,0,0
BRDA:12,0,1,0
BRDA:14,1,0,0
BRDA:14,1,1,0
BRF:4
BRH:0
end_of_record
TN:
SF:src/main/stepper/index.tsx
FN:43,(anonymous_0)
FN:9,(anonymous_5)
FN:22,(anonymous_6)
FN:28,(anonymous_7)
FNF:4
FNH:0
FNDA:0,(anonymous_0)
FNDA:0,(anonymous_5)
FNDA:0,(anonymous_6)
FNDA:0,(anonymous_7)
DA:1,18
DA:2,18
DA:4,18
DA:5,18
DA:6,18
DA:9,18
DA:15,0
DA:16,0
DA:19,0
DA:23,0
DA:28,0
DA:43,0
LF:12
LH:6
BRDA:10,0,0,0
BRDA:12,1,0,0
BRDA:15,2,0,0
BRDA:15,3,0,0
BRDA:15,3,1,0
BRDA:28,4,0,0
BRDA:28,4,1,0
BRDA:31,5,0,0
BRDA:31,5,1,0
BRF:9
BRH:0
end_of_record
TN:
SF:src/main/theme/color.ts
FN:2,(anonymous_1)
FN:3,(anonymous_2)
FN:4,(anonymous_3)
FN:11,(anonymous_4)
FN:24,(anonymous_5)
FN:37,(anonymous_6)
FN:41,(anonymous_7)
FN:43,(anonymous_8)
FN:55,(anonymous_9)
FN:67,(anonymous_10)
FN:78,(anonymous_11)
FN:83,(anonymous_12)
FNF:12
FNH:5
FNDA:2,(anonymous_1)
FNDA:0,(anonymous_2)
FNDA:36,(anonymous_3)
FNDA:54,(anonymous_4)
FNDA:162,(anonymous_5)
FNDA:0,(anonymous_6)
FNDA:0,(anonymous_7)
FNDA:0,(anonymous_8)
FNDA:0,(anonymous_9)
FNDA:0,(anonymous_10)
FNDA:0,(anonymous_11)
FNDA:54,(anonymous_12)
DA:2,18
DA:3,18
DA:4,36
DA:11,54
DA:24,162
DA:37,18
DA:41,18
DA:43,18
DA:55,18
DA:67,18
DA:78,18
DA:83,54
LF:12
LH:12
BRF:0
BRH:0
end_of_record
TN:
SF:src/main/theme/dimen.ts
FN:1,(anonymous_1)
FN:2,(anonymous_2)
FN:3,(anonymous_3)
FN:9,(anonymous_4)
FNF:4
FNH:2
FNDA:18,(anonymous_1)
FNDA:0,(anonymous_2)
FNDA:4,(anonymous_3)
FNDA:0,(anonymous_4)
DA:1,18
DA:2,18
DA:3,18
DA:5,18
LF:4
LH:4
BRF:0
BRH:0
end_of_record
TN:
SF:src/main/theme/grid.ts
FNF:0
FNH:0
DA:1,0
LF:1
LH:0
BRF:0
BRH:0
end_of_record
TN:
SF:src/main/theme/index.ts
FN:1,(anonymous_1)
FN:2,(anonymous_2)
FN:3,(anonymous_3)
FNF:3
FNH:2
FNDA:308,(anonymous_1)
FNDA:0,(anonymous_2)
FNDA:22,(anonymous_3)
DA:1,308
DA:2,18
DA:3,22
LF:3
LH:3
BRF:0
BRH:0
end_of_record
TN:
SF:src/main/theme/text.ts
FN:1,(anonymous_1)
FN:9,(anonymous_2)
FN:14,(anonymous_3)
FNF:3
FNH:0
FNDA:0,(anonymous_1)
FNDA:0,(anonymous_2)
FNDA:0,(anonymous_3)
DA:1,18
DA:9,18
DA:11,18
LF:3
LH:3
BRF:0
BRH:0
end_of_record
TN:
SF:src/main/trinary-check-icon/index.tsx
FN:6,(anonymous_1)
FN:53,(anonymous_2)
FN:6,(anonymous_4)
FNF:3
FNH:3
FNDA:4,(anonymous_1)
FNDA:5,(anonymous_2)
FNDA:8,(anonymous_4)
DA:1,18
DA:2,18
DA:6,18
DA:11,8
DA:53,18
LF:5
LH:5
BRDA:25,0,0,0
BRDA:25,0,1,8
BRDA:25,1,0,8
BRDA:25,1,1,0
BRDA:35,2,0,2
BRDA:35,2,1,6
BRDA:35,3,0,0
BRDA:35,3,1,2
BRDA:41,4,0,3
BRDA:41,4,1,5
BRDA:41,5,0,8
BRDA:41,5,1,6
BRDA:42,6,0,0
BRDA:42,6,1,3
BRF:14
BRH:10
end_of_record
TN:
SF:src/main/user-profile/index.tsx
FN:17,(anonymous_0)
FN:18,(anonymous_4)
FNF:2
FNH:2
FNDA:6,(anonymous_0)
FNDA:5,(anonymous_4)
DA:1,18
DA:2,18
DA:6,18
DA:13,18
DA:15,18
DA:17,6
DA:19,5
DA:20,5
LF:8
LH:8
BRF:0
BRH:0
end_of_record
